Using pre-set license
Built from '2020.3/staging' branch; Version is '2020.3.8f1 (507919d4fff5) revision 5273881'; Using compiler version '192528614'; Build Type 'Release'
OS: 'Windows 10 Home; OS build 19042.985; Version 2009; 64bit' Language: 'ru' Physical Memory: 16165 MB
BatchMode: 1, IsHumanControllingUs: 0, StartBugReporterOnCrash: 0, Is64bit: 1, IsPro: 0

 COMMAND LINE ARGUMENTS:
D:\Unity\2020.3.8f1\Editor\Unity.exe
-adb2
-batchMode
-noUpm
-name
AssetImportWorker0
-projectPath
D:/Game/units/UnityGame/Zombies
-logFile
Logs/AssetImportWorker0.log
-srvPort
49255
Successfully changed project path to: D:/Game/units/UnityGame/Zombies
D:/Game/units/UnityGame/Zombies
Using Asset Import Pipeline V2.
Refreshing native plugins compatible for Editor in 31.97 ms, found 1 plugins.
Preloading 0 native plugins for Editor in 0.00 ms.
Initialize engine version: 2020.3.8f1 (507919d4fff5)
[Subsystems] Discovering subsystems at path D:/Unity/2020.3.8f1/Editor/Data/Resources/UnitySubsystems
[Subsystems] Discovering subsystems at path D:/Game/units/UnityGame/Zombies/Assets
GfxDevice: creating device client; threaded=0
Direct3D:
    Version:  Direct3D 11.0 [level 11.1]
    Renderer: NVIDIA GeForce GTX 1050 with Max-Q Design (ID=0x1c91)
    Vendor:   
    VRAM:     2996 MB
    Driver:   27.21.14.6230
Initialize mono
Mono path[0] = 'D:/Unity/2020.3.8f1/Editor/Data/Managed'
Mono path[1] = 'D:/Unity/2020.3.8f1/Editor/Data/MonoBleedingEdge/lib/mono/unityjit'
Mono config path = 'D:/Unity/2020.3.8f1/Editor/Data/MonoBleedingEdge/etc'
Using monoOptions --debugger-agent=transport=dt_socket,embedding=1,server=y,suspend=n,address=127.0.0.1:56468
Begin MonoManager ReloadAssembly
Registering precompiled unity dll's ...
Register platform support module: D:/Unity/2020.3.8f1/Editor/Data/PlaybackEngines/WebGLSupport/UnityEditor.WebGL.Extensions.dll
Register platform support module: D:/Unity/2020.3.8f1/Editor/Data/PlaybackEngines/WindowsStandaloneSupport/UnityEditor.WindowsStandalone.Extensions.dll
Registered in 0.001045 seconds.
Native extension for WindowsStandalone target not found
Native extension for WebGL target not found
Refreshing native plugins compatible for Editor in 32.79 ms, found 1 plugins.
Preloading 0 native plugins for Editor in 0.00 ms.
Mono: successfully reloaded assembly
- Completed reload, in  0.759 seconds
Platform modules already initialized, skipping
Registering precompiled user dll's ...
Registered in 0.000586 seconds.
Begin MonoManager ReloadAssembly
Native extension for WindowsStandalone target not found
Native extension for WebGL target not found
Refreshing native plugins compatible for Editor in 32.01 ms, found 1 plugins.
Preloading 0 native plugins for Editor in 0.00 ms.
Mono: successfully reloaded assembly
- Completed reload, in  0.775 seconds
Platform modules already initialized, skipping
========================================================================
Worker process is ready to serve import requests
Launched and connected shader compiler UnityShaderCompiler.exe after 0.04 seconds
Refreshing native plugins compatible for Editor in 0.43 ms, found 1 plugins.
Preloading 0 native plugins for Editor in 0.00 ms.
Unloading 1815 Unused Serialized files (Serialized files now loaded: 0)
System memory in use before: 85.3 MB.
System memory in use after: 85.2 MB.

Unloading 24 unused Assets to reduce memory usage. Loaded Objects now: 2261.
Total: 1.875300 ms (FindLiveObjects: 0.147700 ms CreateObjectMapping: 0.051100 ms MarkObjects: 1.547800 ms  DeleteObjects: 0.127500 ms)

========================================================================
Received Import Request.
  path: Assets/scripts/bulletsbonus.cs
  artifactKey: Guid(10b4ab2b347e6d947b7e1201e5633c29) Importer(815301076,1909f56bfc062723c751e8b465ee728b)
Start importing Assets/scripts/bulletsbonus.cs using Guid(10b4ab2b347e6d947b7e1201e5633c29) Importer(815301076,1909f56bfc062723c751e8b465ee728b)  -> (artifact id: '3e87034428079af1b457abef93024f5f') in 0.031334 seconds
  Import took 0.034096 seconds .

========================================================================
Received Import Request.
  Time since last request: 0.002026 seconds.
  path: Assets/gfx/cave.png
  artifactKey: Guid(154b3d601a673234391d17fe21337787) Importer(815301076,1909f56bfc062723c751e8b465ee728b)
Start importing Assets/gfx/cave.png using Guid(154b3d601a673234391d17fe21337787) Importer(815301076,1909f56bfc062723c751e8b465ee728b)  -> (artifact id: 'badcd8e1747ce2bc913f665c738d58b1') in 0.098261 seconds
  Import took 0.101450 seconds .

========================================================================
Received Import Request.
  Time since last request: 0.005757 seconds.
  path: Assets/gfx/Overworld.png
  artifactKey: Guid(88c17e28088f07b4c887d49b7a7fdc6e) Importer(815301076,1909f56bfc062723c751e8b465ee728b)
Start importing Assets/gfx/Overworld.png using Guid(88c17e28088f07b4c887d49b7a7fdc6e) Importer(815301076,1909f56bfc062723c751e8b465ee728b)  -> (artifact id: '8de4b7ee6b881aaf30a71ea9d5f04364') in 0.017105 seconds
  Import took 0.020177 seconds .

========================================================================
Received Import Request.
  Time since last request: 0.009408 seconds.
  path: Assets/prefabs/shot.prefab
  artifactKey: Guid(13a5c615d1c42164e80eac6f078df820) Importer(815301076,1909f56bfc062723c751e8b465ee728b)
Start importing Assets/prefabs/shot.prefab using Guid(13a5c615d1c42164e80eac6f078df820) Importer(815301076,1909f56bfc062723c751e8b465ee728b)  -> (artifact id: '93e81838f7adf9408acbc92819d6c3f6') in 0.018186 seconds
  Import took 0.022101 seconds .

========================================================================
Received Import Request.
  Time since last request: 0.001766 seconds.
  path: Assets/gfx
  artifactKey: Guid(233f68a9ddfd7b443ab0d01120982c9e) Importer(815301076,1909f56bfc062723c751e8b465ee728b)
Start importing Assets/gfx using Guid(233f68a9ddfd7b443ab0d01120982c9e) Importer(815301076,1909f56bfc062723c751e8b465ee728b)  -> (artifact id: 'cb49e7c18fbfff700f5a3ba828df4999') in 0.006967 seconds
  Import took 0.009818 seconds .

========================================================================
Received Import Request.
  Time since last request: 0.001757 seconds.
  path: Assets/prefabs/Blood.prefab
  artifactKey: Guid(42df32163f26eaa46b53e01d49ca52a5) Importer(815301076,1909f56bfc062723c751e8b465ee728b)
Start importing Assets/prefabs/Blood.prefab using Guid(42df32163f26eaa46b53e01d49ca52a5) Importer(815301076,1909f56bfc062723c751e8b465ee728b)  -> (artifact id: '802f350cfee96a9204935e864dc5676f') in 0.011037 seconds
  Import took 0.015124 seconds .

========================================================================
Received Import Request.
  Time since last request: 0.001644 seconds.
  path: Assets/gfx/damagedPLayerback.anim
  artifactKey: Guid(8e89243b5a79cbe48bc6e8488ffb5fa4) Importer(815301076,1909f56bfc062723c751e8b465ee728b)
Start importing Assets/gfx/damagedPLayerback.anim using Guid(8e89243b5a79cbe48bc6e8488ffb5fa4) Importer(815301076,1909f56bfc062723c751e8b465ee728b)  -> (artifact id: '6b505756e17d8350d77a64d38fad855b') in 0.007699 seconds
  Import took 0.010770 seconds .

========================================================================
Received Import Request.
  Time since last request: 0.001796 seconds.
  path: Assets/gfx/WallpaperDog-17085995.jpg
  artifactKey: Guid(ae41aaabf8267e448b12b765da712c45) Importer(815301076,1909f56bfc062723c751e8b465ee728b)
Start importing Assets/gfx/WallpaperDog-17085995.jpg using Guid(ae41aaabf8267e448b12b765da712c45) Importer(815301076,1909f56bfc062723c751e8b465ee728b)  -> (artifact id: 'bb1b2b9928b8f3c4676da485bf398ec2') in 0.018185 seconds
  Import took 0.021407 seconds .

========================================================================
Received Import Request.
  Time since last request: 0.009081 seconds.
  path: Assets/шрифты
  artifactKey: Guid(2266df03f0635394cabda82304ee7e7b) Importer(815301076,1909f56bfc062723c751e8b465ee728b)
Start importing Assets/шрифты using Guid(2266df03f0635394cabda82304ee7e7b) Importer(815301076,1909f56bfc062723c751e8b465ee728b)  -> (artifact id: 'aa89dab13598f5458de46b2728ecf00e') in 0.006457 seconds
  Import took 0.010831 seconds .

========================================================================
Received Import Request.
  Time since last request: 0.001990 seconds.
  path: Assets/gfx/animations/idledown.anim
  artifactKey: Guid(b609653306bbad449a57396930fce497) Importer(815301076,1909f56bfc062723c751e8b465ee728b)
Start importing Assets/gfx/animations/idledown.anim using Guid(b609653306bbad449a57396930fce497) Importer(815301076,1909f56bfc062723c751e8b465ee728b)  -> (artifact id: '59a9c34b29810e9dcce771ec894df583') in 0.006514 seconds
  Import took 0.009422 seconds .

========================================================================
Received Import Request.
  Time since last request: 0.001703 seconds.
  path: Assets/gfx/walkright.anim
  artifactKey: Guid(506a7f070f96cf344afa11e23980eaba) Importer(815301076,1909f56bfc062723c751e8b465ee728b)
Start importing Assets/gfx/walkright.anim using Guid(506a7f070f96cf344afa11e23980eaba) Importer(815301076,1909f56bfc062723c751e8b465ee728b)  -> (artifact id: '34e2c4eb8adfd028d80ad6386e4e0c8d') in 0.008143 seconds
  Import took 0.012598 seconds .

========================================================================
Received Import Request.
  Time since last request: 0.001690 seconds.
  path: Assets/prefabs/explosion.prefab
  artifactKey: Guid(73d492a34a8a84f4fa9e050aaef6dab1) Importer(815301076,1909f56bfc062723c751e8b465ee728b)
Start importing Assets/prefabs/explosion.prefab using Guid(73d492a34a8a84f4fa9e050aaef6dab1) Importer(815301076,1909f56bfc062723c751e8b465ee728b)  -> (artifact id: '2fd164a97a87ef5173216db2d161c948') in 0.010310 seconds
  Import took 0.013280 seconds .

========================================================================
Received Import Request.
  Time since last request: 0.001632 seconds.
  path: Assets/gfx/zombie.controller
  artifactKey: Guid(cc708ff8ac7324d40983b7f65f2b7bd8) Importer(815301076,1909f56bfc062723c751e8b465ee728b)
Start importing Assets/gfx/zombie.controller using Guid(cc708ff8ac7324d40983b7f65f2b7bd8) Importer(815301076,1909f56bfc062723c751e8b465ee728b)  -> (artifact id: 'd215970bc5449f537967b3ed78bac678') in 0.011601 seconds
  Import took 0.014545 seconds .

========================================================================
Received Import Request.
  Time since last request: 0.001553 seconds.
  path: Assets/gfx/redright.anim
  artifactKey: Guid(9b6d5180ae2919f4693613deca29b9b9) Importer(815301076,1909f56bfc062723c751e8b465ee728b)
Start importing Assets/gfx/redright.anim using Guid(9b6d5180ae2919f4693613deca29b9b9) Importer(815301076,1909f56bfc062723c751e8b465ee728b)  -> (artifact id: 'c692de8ee5902bdf19f1cab1a5d306f4') in 0.008904 seconds
  Import took 0.011760 seconds .

========================================================================
Received Import Request.
  Time since last request: 0.001656 seconds.
  path: Assets/gfx/damagedPlayerright.anim
  artifactKey: Guid(51ba10fc1e359a4469f891c883fd21cc) Importer(815301076,1909f56bfc062723c751e8b465ee728b)
Start importing Assets/gfx/damagedPlayerright.anim using Guid(51ba10fc1e359a4469f891c883fd21cc) Importer(815301076,1909f56bfc062723c751e8b465ee728b)  -> (artifact id: '490ee64c025aaf5b3f9d7f0baf23dd78') in 0.006691 seconds
  Import took 0.010464 seconds .

========================================================================
Received Import Request.
  Time since last request: 0.002174 seconds.
  path: Assets/gfx/heal.controller
  artifactKey: Guid(6478314b45e67534e86c9aaf0a4b8e1f) Importer(815301076,1909f56bfc062723c751e8b465ee728b)
Start importing Assets/gfx/heal.controller using Guid(6478314b45e67534e86c9aaf0a4b8e1f) Importer(815301076,1909f56bfc062723c751e8b465ee728b)  -> (artifact id: '4e2da99f99af44f509839fdb9016934b') in 0.006541 seconds
  Import took 0.009600 seconds .

========================================================================
Received Import Request.
  Time since last request: 0.001574 seconds.
  path: Assets/gfx/redwalkleft.anim
  artifactKey: Guid(5789a8a9f052e8e4ca328033f71dca67) Importer(815301076,1909f56bfc062723c751e8b465ee728b)
Start importing Assets/gfx/redwalkleft.anim using Guid(5789a8a9f052e8e4ca328033f71dca67) Importer(815301076,1909f56bfc062723c751e8b465ee728b)  -> (artifact id: '67eac6460aa8470d43993e7af9b50478') in 0.007472 seconds
  Import took 0.011715 seconds .

========================================================================
Received Import Request.
  Time since last request: 0.001538 seconds.
  path: Assets/gfx/animations/robotexplosion.anim
  artifactKey: Guid(120bf4fc7e404ac46a706ef1fa132bd6) Importer(815301076,1909f56bfc062723c751e8b465ee728b)
Start importing Assets/gfx/animations/robotexplosion.anim using Guid(120bf4fc7e404ac46a706ef1fa132bd6) Importer(815301076,1909f56bfc062723c751e8b465ee728b)  -> (artifact id: '59d2c25b72058bd6537c801247ac8c38') in 0.008758 seconds
  Import took 0.011659 seconds .

========================================================================
Received Import Request.
  Time since last request: 0.001506 seconds.
  path: Assets/gfx/zombieright.anim
  artifactKey: Guid(558351d154ad4ee4cb53480d4e8cbf5a) Importer(815301076,1909f56bfc062723c751e8b465ee728b)
Start importing Assets/gfx/zombieright.anim using Guid(558351d154ad4ee4cb53480d4e8cbf5a) Importer(815301076,1909f56bfc062723c751e8b465ee728b)  -> (artifact id: 'f2c8eea868d9ee644b8eca08b4ef8951') in 0.008962 seconds
  Import took 0.012653 seconds .

========================================================================
Received Import Request.
  Time since last request: 0.001660 seconds.
  path: Assets/prefabs/player.prefab
  artifactKey: Guid(aeebff222f31ce245be2b792116dbadb) Importer(815301076,1909f56bfc062723c751e8b465ee728b)
Start importing Assets/prefabs/player.prefab using Guid(aeebff222f31ce245be2b792116dbadb) Importer(815301076,1909f56bfc062723c751e8b465ee728b)  -> (artifact id: 'dd4adfa479dfc7c189896e2214a3d13d') in 0.050115 seconds
  Import took 0.053707 seconds .

========================================================================
Received Import Request.
  Time since last request: 0.003265 seconds.
  path: Assets/prefabs/Death BLood.prefab
  artifactKey: Guid(a57993685e27cc54a8f5c009228a1da9) Importer(815301076,1909f56bfc062723c751e8b465ee728b)
Start importing Assets/prefabs/Death BLood.prefab using Guid(a57993685e27cc54a8f5c009228a1da9) Importer(815301076,1909f56bfc062723c751e8b465ee728b)  -> (artifact id: 'ca19bb15411fdd9ce5bc88bd3a6d11ce') in 0.010171 seconds
  Import took 0.013535 seconds .

========================================================================
Received Import Request.
  Time since last request: 0.001593 seconds.
  path: Assets/scripts/Wearon.cs
  artifactKey: Guid(4e90763cb5914ac4aa1d60b2fff3d141) Importer(815301076,1909f56bfc062723c751e8b465ee728b)
Start importing Assets/scripts/Wearon.cs using Guid(4e90763cb5914ac4aa1d60b2fff3d141) Importer(815301076,1909f56bfc062723c751e8b465ee728b)  -> (artifact id: '14a056c12aaf81c663b441bacfe6685c') in 0.007030 seconds
  Import took 0.009867 seconds .

========================================================================
Received Import Request.
  Time since last request: 0.001566 seconds.
  path: Assets/gfx/NPC_test.png
  artifactKey: Guid(2f7823806b4262f409f69ecd2aa16253) Importer(815301076,1909f56bfc062723c751e8b465ee728b)
Start importing Assets/gfx/NPC_test.png using Guid(2f7823806b4262f409f69ecd2aa16253) Importer(815301076,1909f56bfc062723c751e8b465ee728b)  -> (artifact id: '623485cf8ae9b7a81d2479540271abbf') in 0.030211 seconds
  Import took 0.033172 seconds .

========================================================================
Received Import Request.
  Time since last request: 0.007282 seconds.
  path: Assets/gfx/font.png
  artifactKey: Guid(94b30ebb65eb9a444b8ca92aa3bbad17) Importer(815301076,1909f56bfc062723c751e8b465ee728b)
Start importing Assets/gfx/font.png using Guid(94b30ebb65eb9a444b8ca92aa3bbad17) Importer(815301076,1909f56bfc062723c751e8b465ee728b)  -> (artifact id: '0b5f0a2d740bce72533a8c50a976083e') in 0.013449 seconds
  Import took 0.016921 seconds .

========================================================================
Received Import Request.
  Time since last request: 0.008819 seconds.
  path: Assets/gfx/walkup.anim
  artifactKey: Guid(3d6b37473522109458636b561624cb54) Importer(815301076,1909f56bfc062723c751e8b465ee728b)
Start importing Assets/gfx/walkup.anim using Guid(3d6b37473522109458636b561624cb54) Importer(815301076,1909f56bfc062723c751e8b465ee728b)  -> (artifact id: '934444f25dff97435e15ba74d38b7a85') in 0.006392 seconds
  Import took 0.010011 seconds .

========================================================================
Received Import Request.
  Time since last request: 0.001567 seconds.
  path: Assets/gfx/damagedPLayerleft.anim
  artifactKey: Guid(d5f6c3ef202db0846abcc56a0f10ed0a) Importer(815301076,1909f56bfc062723c751e8b465ee728b)
Start importing Assets/gfx/damagedPLayerleft.anim using Guid(d5f6c3ef202db0846abcc56a0f10ed0a) Importer(815301076,1909f56bfc062723c751e8b465ee728b)  -> (artifact id: 'e68cdf0811b2266bd832b00ec65fe0b6') in 0.006265 seconds
  Import took 0.009132 seconds .

========================================================================
Received Import Request.
  Time since last request: 0.006512 seconds.
  path: Assets/scripts/Bullet.cs
  artifactKey: Guid(d140938aa996a5042b3ca7374631ea0c) Importer(815301076,1909f56bfc062723c751e8b465ee728b)
Start importing Assets/scripts/Bullet.cs using Guid(d140938aa996a5042b3ca7374631ea0c) Importer(815301076,1909f56bfc062723c751e8b465ee728b)  -> (artifact id: '84ad95e46fdea22cfce3566a7a0732ef') in 0.005654 seconds
  Import took 0.008430 seconds .

========================================================================
Received Import Request.
  Time since last request: 0.001603 seconds.
  path: Assets/gfx/character111111.png
  artifactKey: Guid(971fe8a0d98a780409f7d5fef52032ab) Importer(815301076,1909f56bfc062723c751e8b465ee728b)
Start importing Assets/gfx/character111111.png using Guid(971fe8a0d98a780409f7d5fef52032ab) Importer(815301076,1909f56bfc062723c751e8b465ee728b)  -> (artifact id: '97733ea9e23d4d96669b79ca6e7508e9') in 0.014473 seconds
  Import took 0.017579 seconds .

========================================================================
Received Import Request.
  Time since last request: 0.009369 seconds.
  path: Assets/gfx/objects.png
  artifactKey: Guid(0070fdc3c0014c94c800a3a73d46b6af) Importer(815301076,1909f56bfc062723c751e8b465ee728b)
Start importing Assets/gfx/objects.png using Guid(0070fdc3c0014c94c800a3a73d46b6af) Importer(815301076,1909f56bfc062723c751e8b465ee728b)  -> (artifact id: 'c10fa5ab682ab89dd2c5c3468640b312') in 0.014072 seconds
  Import took 0.017402 seconds .

========================================================================
Received Import Request.
  Time since last request: 0.008851 seconds.
  path: Assets/scripts/playerController.cs
  artifactKey: Guid(b4b639e55c5e0a742bd784103b2ba101) Importer(815301076,1909f56bfc062723c751e8b465ee728b)
Start importing Assets/scripts/playerController.cs using Guid(b4b639e55c5e0a742bd784103b2ba101) Importer(815301076,1909f56bfc062723c751e8b465ee728b)  -> (artifact id: '4dcf47c208f4b0333e05b9e7b9c88735') in 0.006299 seconds
  Import took 0.009800 seconds .

========================================================================
Received Import Request.
  Time since last request: 0.001487 seconds.
  path: Assets/gfx/animations/redwalkdown.anim
  artifactKey: Guid(2d8430079722dda4387332b99dd839b2) Importer(815301076,1909f56bfc062723c751e8b465ee728b)
Start importing Assets/gfx/animations/redwalkdown.anim using Guid(2d8430079722dda4387332b99dd839b2) Importer(815301076,1909f56bfc062723c751e8b465ee728b)  -> (artifact id: 'a0ab6f443caf6488b5d678475341d605') in 0.006871 seconds
  Import took 0.009772 seconds .

========================================================================
Received Import Request.
  Time since last request: 0.001589 seconds.
  path: Assets/gfx/redwalkright.anim
  artifactKey: Guid(19b5c5f3360580b41a52d4d424638de8) Importer(815301076,1909f56bfc062723c751e8b465ee728b)
Start importing Assets/gfx/redwalkright.anim using Guid(19b5c5f3360580b41a52d4d424638de8) Importer(815301076,1909f56bfc062723c751e8b465ee728b)  -> (artifact id: '582eeadfaa4249b2d2337d0216fa8394') in 0.006460 seconds
  Import took 0.009327 seconds .

========================================================================
Received Import Request.
  Time since last request: 0.001570 seconds.
  path: Assets/gfx/animations/walkup.anim
  artifactKey: Guid(b211160209cf45c438e8b62f8b189890) Importer(815301076,1909f56bfc062723c751e8b465ee728b)
Start importing Assets/gfx/animations/walkup.anim using Guid(b211160209cf45c438e8b62f8b189890) Importer(815301076,1909f56bfc062723c751e8b465ee728b)  -> (artifact id: 'e6d68c57f6fa18073b24797b69ed4b98') in 0.002594 seconds
  Import took 0.005987 seconds .

========================================================================
Received Import Request.
  Time since last request: 0.001589 seconds.
  path: Assets/gfx/animations/redZombie.controller
  artifactKey: Guid(886448b0df8e8d046860ad4853de369c) Importer(815301076,1909f56bfc062723c751e8b465ee728b)
Start importing Assets/gfx/animations/redZombie.controller using Guid(886448b0df8e8d046860ad4853de369c) Importer(815301076,1909f56bfc062723c751e8b465ee728b)  -> (artifact id: '483780995360543caafe13b0fe54ea96') in 0.009172 seconds
  Import took 0.012943 seconds .

========================================================================
Received Import Request.
  Time since last request: 0.001246 seconds.
  path: Assets/Scenes
  artifactKey: Guid(53273208e60d6384eb3c932594f84f18) Importer(815301076,1909f56bfc062723c751e8b465ee728b)
Start importing Assets/Scenes using Guid(53273208e60d6384eb3c932594f84f18) Importer(815301076,1909f56bfc062723c751e8b465ee728b)  -> (artifact id: 'd321ecafbb63e420e4bf6c89f6408411') in 0.006197 seconds
  Import took 0.009073 seconds .

========================================================================
Received Import Request.
  Time since last request: 0.006751 seconds.
  path: Assets/scripts/player.controller
  artifactKey: Guid(6c89c711ca7cdf4488b2edb44d0c0d3a) Importer(815301076,1909f56bfc062723c751e8b465ee728b)
Start importing Assets/scripts/player.controller using Guid(6c89c711ca7cdf4488b2edb44d0c0d3a) Importer(815301076,1909f56bfc062723c751e8b465ee728b)  -> (artifact id: '57d376aaed66b3beff1a6ef892d06d1a') in 0.005123 seconds
  Import took 0.008156 seconds .

========================================================================
Received Import Request.
  Time since last request: 0.001940 seconds.
  path: Assets/gfx/damagedPlayerfront.anim
  artifactKey: Guid(9d108ba188293d94ea05a6857f737f17) Importer(815301076,1909f56bfc062723c751e8b465ee728b)
Start importing Assets/gfx/damagedPlayerfront.anim using Guid(9d108ba188293d94ea05a6857f737f17) Importer(815301076,1909f56bfc062723c751e8b465ee728b)  -> (artifact id: '3f8f8bbb508d2b03472c9a334922c580') in 0.007193 seconds
  Import took 0.010599 seconds .

========================================================================
Received Import Request.
  Time since last request: 0.001276 seconds.
  path: Assets/gfx/animations
  artifactKey: Guid(b6c00a9038eb97741a2aa0f8a47ca313) Importer(815301076,1909f56bfc062723c751e8b465ee728b)
Start importing Assets/gfx/animations using Guid(b6c00a9038eb97741a2aa0f8a47ca313) Importer(815301076,1909f56bfc062723c751e8b465ee728b)  -> (artifact id: 'a2a6c25ed0019e4e44990d40419e1280') in 0.006184 seconds
  Import took 0.009441 seconds .

========================================================================
Received Import Request.
  Time since last request: 0.001685 seconds.
  path: Assets/gfx/redup.anim
  artifactKey: Guid(adb2b3c001807e4458dda322fb870449) Importer(815301076,1909f56bfc062723c751e8b465ee728b)
Start importing Assets/gfx/redup.anim using Guid(adb2b3c001807e4458dda322fb870449) Importer(815301076,1909f56bfc062723c751e8b465ee728b)  -> (artifact id: 'b62a594d2cccd3961eb352ce0cfe9169') in 0.006314 seconds
  Import took 0.009226 seconds .

========================================================================
Received Import Request.
  Time since last request: 0.001606 seconds.
  path: Assets/gfx/redwalkdown.anim
  artifactKey: Guid(cb63a164c89196343a3590cec1fbb864) Importer(815301076,1909f56bfc062723c751e8b465ee728b)
Start importing Assets/gfx/redwalkdown.anim using Guid(cb63a164c89196343a3590cec1fbb864) Importer(815301076,1909f56bfc062723c751e8b465ee728b)  -> (artifact id: '7428575c13b7e1c7be44982179dc6a63') in 0.003245 seconds
  Import took 0.006178 seconds .

========================================================================
Received Import Request.
  Time since last request: 0.001613 seconds.
  path: Assets/шрифты/19783.ttf
  artifactKey: Guid(6a258c52c8ea3e94585efb56dbae56d2) Importer(815301076,1909f56bfc062723c751e8b465ee728b)
Start importing Assets/шрифты/19783.ttf using Guid(6a258c52c8ea3e94585efb56dbae56d2) Importer(815301076,1909f56bfc062723c751e8b465ee728b)  -> (artifact id: 'd680f9efeeda433de499b142ec802bb8') in 0.031734 seconds
  Import took 0.034701 seconds .

========================================================================
Received Import Request.
  Time since last request: 0.002943 seconds.
  path: Assets/gfx/character2.png
  artifactKey: Guid(292b9505f0dd20a4381407380de1beb0) Importer(815301076,1909f56bfc062723c751e8b465ee728b)
Start importing Assets/gfx/character2.png using Guid(292b9505f0dd20a4381407380de1beb0) Importer(815301076,1909f56bfc062723c751e8b465ee728b)  -> (artifact id: '7737507c80dcf3f4219bfaf411d00b97') in 0.013078 seconds
  Import took 0.016314 seconds .

========================================================================
Received Import Request.
  Time since last request: 0.007421 seconds.
  path: Assets/gfx/Smoke &amp; Fire.png
  artifactKey: Guid(d87271c10d536224dab0d53eb65bd108) Importer(815301076,1909f56bfc062723c751e8b465ee728b)
Start importing Assets/gfx/Smoke &amp; Fire.png using Guid(d87271c10d536224dab0d53eb65bd108) Importer(815301076,1909f56bfc062723c751e8b465ee728b)  -> (artifact id: '576e10c8509809585351f6792ec5298f') in 0.021182 seconds
  Import took 0.024565 seconds .

========================================================================
Received Import Request.
  Time since last request: 0.006859 seconds.
  path: Assets/scripts
  artifactKey: Guid(6452a3fb1a35647409b3776169d9830a) Importer(815301076,1909f56bfc062723c751e8b465ee728b)
Start importing Assets/scripts using Guid(6452a3fb1a35647409b3776169d9830a) Importer(815301076,1909f56bfc062723c751e8b465ee728b)  -> (artifact id: 'ead35c59bd802a1cb0139f3a9154660b') in 0.006792 seconds
  Import took 0.010022 seconds .

========================================================================
Received Import Request.
  Time since last request: 0.001648 seconds.
  path: Assets/gfx/zombiedown.anim
  artifactKey: Guid(fb13e3195b330dd4f957fe85b1c2bc7d) Importer(815301076,1909f56bfc062723c751e8b465ee728b)
Start importing Assets/gfx/zombiedown.anim using Guid(fb13e3195b330dd4f957fe85b1c2bc7d) Importer(815301076,1909f56bfc062723c751e8b465ee728b)  -> (artifact id: '4a29b0a0e3257060ddd4c140100e89aa') in 0.006454 seconds
  Import took 0.009607 seconds .

========================================================================
Received Import Request.
  Time since last request: 0.006441 seconds.
  path: Assets/gfx/animations/redwalkleft.anim
  artifactKey: Guid(bee3326869511e34d8bd91fa61b4fa8d) Importer(815301076,1909f56bfc062723c751e8b465ee728b)
Start importing Assets/gfx/animations/redwalkleft.anim using Guid(bee3326869511e34d8bd91fa61b4fa8d) Importer(815301076,1909f56bfc062723c751e8b465ee728b)  -> (artifact id: '82b686c01ab1a6e0cd6696117041e140') in 0.002521 seconds
  Import took 0.005307 seconds .

========================================================================
Received Import Request.
  Time since last request: 0.001943 seconds.
  path: Assets/prefabs/Big Explosion.prefab
  artifactKey: Guid(437c7d055506a6f45bcb9deb72cfbc40) Importer(815301076,1909f56bfc062723c751e8b465ee728b)
Start importing Assets/prefabs/Big Explosion.prefab using Guid(437c7d055506a6f45bcb9deb72cfbc40) Importer(815301076,1909f56bfc062723c751e8b465ee728b)  -> (artifact id: '68f08d2b2cbd88359aa43873b18fc9f4') in 0.007485 seconds
  Import took 0.010709 seconds .

========================================================================
Received Import Request.
  Time since last request: 0.001611 seconds.
  path: Assets/scripts/heal.cs
  artifactKey: Guid(a411d1161d402944bb520300ff90ca21) Importer(815301076,1909f56bfc062723c751e8b465ee728b)
Start importing Assets/scripts/heal.cs using Guid(a411d1161d402944bb520300ff90ca21) Importer(815301076,1909f56bfc062723c751e8b465ee728b)  -> (artifact id: '337cfb6e6642ba609294eb1f54c32935') in 0.002671 seconds
  Import took 0.005804 seconds .

========================================================================
Received Import Request.
  Time since last request: 0.001262 seconds.
  path: Assets/prefabs
  artifactKey: Guid(969ca5ba174afcf44b6927c8396ac44b) Importer(815301076,1909f56bfc062723c751e8b465ee728b)
Start importing Assets/prefabs using Guid(969ca5ba174afcf44b6927c8396ac44b) Importer(815301076,1909f56bfc062723c751e8b465ee728b)  -> (artifact id: '6649b2986e64b11ceb72b6d53821d636') in 0.006335 seconds
  Import took 0.009159 seconds .

========================================================================
Received Import Request.
  Time since last request: 0.001752 seconds.
  path: Assets/scripts/animation_right.anim
  artifactKey: Guid(f84b7b35a6d6a4f489ccd778f198b963) Importer(815301076,1909f56bfc062723c751e8b465ee728b)
Start importing Assets/scripts/animation_right.anim using Guid(f84b7b35a6d6a4f489ccd778f198b963) Importer(815301076,1909f56bfc062723c751e8b465ee728b)  -> (artifact id: '0064617e101773703efe7feb578bfe1c') in 0.006683 seconds
  Import took 0.009732 seconds .

========================================================================
Received Import Request.
  Time since last request: 0.001765 seconds.
  path: Assets/gfx/walkleft.anim
  artifactKey: Guid(1636c3e5ff94c214db74d2af3e0a9c33) Importer(815301076,1909f56bfc062723c751e8b465ee728b)
Start importing Assets/gfx/walkleft.anim using Guid(1636c3e5ff94c214db74d2af3e0a9c33) Importer(815301076,1909f56bfc062723c751e8b465ee728b)  -> (artifact id: '19e85be95a278c1fbad28c0eec302706') in 0.006862 seconds
  Import took 0.009718 seconds .

========================================================================
Received Import Request.
  Time since last request: 0.001711 seconds.
  path: Assets/gfx/bullet.png
  artifactKey: Guid(c4a0c007e29d8654b9f0f1e606f595d5) Importer(815301076,1909f56bfc062723c751e8b465ee728b)
Start importing Assets/gfx/bullet.png using Guid(c4a0c007e29d8654b9f0f1e606f595d5) Importer(815301076,1909f56bfc062723c751e8b465ee728b)  -> (artifact id: '71674c4ef427fe4df69af3c70599ad24') in 0.012094 seconds
  Import took 0.015150 seconds .

========================================================================
Received Import Request.
  Time since last request: 0.003786 seconds.
  path: Assets/gfx/zombieleft.anim
  artifactKey: Guid(11f4b26a5b1132844a26ffa0605d0e9f) Importer(815301076,1909f56bfc062723c751e8b465ee728b)
Start importing Assets/gfx/zombieleft.anim using Guid(11f4b26a5b1132844a26ffa0605d0e9f) Importer(815301076,1909f56bfc062723c751e8b465ee728b)  -> (artifact id: '13baeb2243c3d1014ddfc136c01fc176') in 0.006443 seconds
  Import took 0.010117 seconds .

========================================================================
Received Import Request.
  Time since last request: 0.001886 seconds.
  path: Assets/gfx/animations/New Animation.anim
  artifactKey: Guid(03ae1c4dced7de746886b0750963aa3c) Importer(815301076,1909f56bfc062723c751e8b465ee728b)
Start importing Assets/gfx/animations/New Animation.anim using Guid(03ae1c4dced7de746886b0750963aa3c) Importer(815301076,1909f56bfc062723c751e8b465ee728b)  -> (artifact id: 'd6748a97cff7007886ca5c909bba0bf2') in 0.006399 seconds
  Import took 0.009982 seconds .

========================================================================
Received Import Request.
  Time since last request: 0.001757 seconds.
  path: Assets/gfx/animations/walkleft.anim
  artifactKey: Guid(e1748237fc128f74489b00f16c29f34c) Importer(815301076,1909f56bfc062723c751e8b465ee728b)
Start importing Assets/gfx/animations/walkleft.anim using Guid(e1748237fc128f74489b00f16c29f34c) Importer(815301076,1909f56bfc062723c751e8b465ee728b)  -> (artifact id: '64c4bdc392025193d722e0b57dd985ea') in 0.003243 seconds
  Import took 0.006627 seconds .

========================================================================
Received Import Request.
  Time since last request: 0.001578 seconds.
  path: Assets/gfx/bullets.controller
  artifactKey: Guid(7ec2e7c5e66c9674fb57907d38c7ea1a) Importer(815301076,1909f56bfc062723c751e8b465ee728b)
Start importing Assets/gfx/bullets.controller using Guid(7ec2e7c5e66c9674fb57907d38c7ea1a) Importer(815301076,1909f56bfc062723c751e8b465ee728b)  -> (artifact id: 'd08e7fa88421638b360fc865f14c4332') in 0.006421 seconds
  Import took 0.009344 seconds .

========================================================================
Received Import Request.
  Time since last request: 0.001702 seconds.
  path: Assets/prefabs/zombie.prefab
  artifactKey: Guid(c87efda86771d7e4db324de862525e24) Importer(815301076,1909f56bfc062723c751e8b465ee728b)
Start importing Assets/prefabs/zombie.prefab using Guid(c87efda86771d7e4db324de862525e24) Importer(815301076,1909f56bfc062723c751e8b465ee728b)  -> (artifact id: '0e8f58663d0709ac31b9a0922cdd2499') in 0.016029 seconds
  Import took 0.019637 seconds .

========================================================================
Received Import Request.
  Time since last request: 0.003276 seconds.
  path: Assets/gfx/redwalkup.anim
  artifactKey: Guid(112ad99b29dd6534695eefa6646ff228) Importer(815301076,1909f56bfc062723c751e8b465ee728b)
Start importing Assets/gfx/redwalkup.anim using Guid(112ad99b29dd6534695eefa6646ff228) Importer(815301076,1909f56bfc062723c751e8b465ee728b)  -> (artifact id: 'b416f847d6bec73ef925cc6604316e4d') in 0.006427 seconds
  Import took 0.009810 seconds .

========================================================================
Received Import Request.
  Time since last request: 0.001903 seconds.
  path: Assets/gfx/animations/redleft.anim
  artifactKey: Guid(19866c436366ee3489bac9fa5ee4e340) Importer(815301076,1909f56bfc062723c751e8b465ee728b)
Start importing Assets/gfx/animations/redleft.anim using Guid(19866c436366ee3489bac9fa5ee4e340) Importer(815301076,1909f56bfc062723c751e8b465ee728b)  -> (artifact id: 'f2024cc3987288a594aafa4ad1720e14') in 0.006687 seconds
  Import took 0.009602 seconds .

========================================================================
Received Import Request.
  Time since last request: 0.001598 seconds.
  path: Assets/scripts/HealthBar.cs
  artifactKey: Guid(4b3b80bd508bd9b4faff9fd54f213826) Importer(815301076,1909f56bfc062723c751e8b465ee728b)
Start importing Assets/scripts/HealthBar.cs using Guid(4b3b80bd508bd9b4faff9fd54f213826) Importer(815301076,1909f56bfc062723c751e8b465ee728b)  -> (artifact id: '51248029392e84e9824fa5888b4aceb8') in 0.006534 seconds
  Import took 0.009404 seconds .

========================================================================
Received Import Request.
  Time since last request: 0.001559 seconds.
  path: Assets/gfx/animations/redright.anim
  artifactKey: Guid(0dec99f43e46733499b84f54ec084f4a) Importer(815301076,1909f56bfc062723c751e8b465ee728b)
Start importing Assets/gfx/animations/redright.anim using Guid(0dec99f43e46733499b84f54ec084f4a) Importer(815301076,1909f56bfc062723c751e8b465ee728b)  -> (artifact id: 'f94f03489c239a52e42d8bd0904b0ce1') in 0.002723 seconds
  Import took 0.006222 seconds .

========================================================================
Received Import Request.
  Time since last request: 0.001687 seconds.
  path: Assets/gfx/animations/redup.anim
  artifactKey: Guid(af27bc1c286961a4890384e2984fbf16) Importer(815301076,1909f56bfc062723c751e8b465ee728b)
Start importing Assets/gfx/animations/redup.anim using Guid(af27bc1c286961a4890384e2984fbf16) Importer(815301076,1909f56bfc062723c751e8b465ee728b)  -> (artifact id: '5473a4c155767e6210ce7d7922eacfe7') in 0.002769 seconds
  Import took 0.006143 seconds .

========================================================================
Received Import Request.
  Time since last request: 0.001649 seconds.
  path: Assets/gfx/animations/idleleft.anim
  artifactKey: Guid(89d938515a3eece42b28288f4124f46a) Importer(815301076,1909f56bfc062723c751e8b465ee728b)
Start importing Assets/gfx/animations/idleleft.anim using Guid(89d938515a3eece42b28288f4124f46a) Importer(815301076,1909f56bfc062723c751e8b465ee728b)  -> (artifact id: '99b3bc605d0f9308742c81748d11283e') in 0.006419 seconds
  Import took 0.009336 seconds .

========================================================================
Received Import Request.
  Time since last request: 0.002061 seconds.
  path: Assets/gfx/character.png
  artifactKey: Guid(57479e3ad5edfc14492ecd44e0e1e140) Importer(815301076,1909f56bfc062723c751e8b465ee728b)
Start importing Assets/gfx/character.png using Guid(57479e3ad5edfc14492ecd44e0e1e140) Importer(815301076,1909f56bfc062723c751e8b465ee728b)  -> (artifact id: '1cee8264720aedfde64cec13851d5a47') in 0.104619 seconds
  Import took 0.107811 seconds .

========================================================================
Received Import Request.
  Time since last request: 0.007192 seconds.
  path: Assets/gfx/character1.png
  artifactKey: Guid(e7d89afa905a0bb4d80439f792803b13) Importer(815301076,1909f56bfc062723c751e8b465ee728b)
Start importing Assets/gfx/character1.png using Guid(e7d89afa905a0bb4d80439f792803b13) Importer(815301076,1909f56bfc062723c751e8b465ee728b)  -> (artifact id: '23a6fee9f91df573d0fe8419a7398f7d') in 0.013464 seconds
  Import took 0.017102 seconds .

========================================================================
Received Import Request.
  Time since last request: 0.007332 seconds.
  path: Assets/gfx/log.png
  artifactKey: Guid(1de8885ad48dd2b4f8af4250e4aaed21) Importer(815301076,1909f56bfc062723c751e8b465ee728b)
Start importing Assets/gfx/log.png using Guid(1de8885ad48dd2b4f8af4250e4aaed21) Importer(815301076,1909f56bfc062723c751e8b465ee728b)  -> (artifact id: '8f768e9cafceedad2380aebec237ee07') in 0.014098 seconds
  Import took 0.017181 seconds .

========================================================================
Received Import Request.
  Time since last request: 0.007694 seconds.
  path: Assets/gfx/animations/reddown.anim
  artifactKey: Guid(b86143ea86d15ed4cbe7d2cb41de02cc) Importer(815301076,1909f56bfc062723c751e8b465ee728b)
Start importing Assets/gfx/animations/reddown.anim using Guid(b86143ea86d15ed4cbe7d2cb41de02cc) Importer(815301076,1909f56bfc062723c751e8b465ee728b)  -> (artifact id: '4801267215cd94c9f4f52e4b71ceb8cb') in 0.006359 seconds
  Import took 0.010009 seconds .

========================================================================
Received Import Request.
  Time since last request: 0.001714 seconds.
  path: Assets/Scenes/SampleScene.unity
  artifactKey: Guid(2cda990e2423bbf4892e6590ba056729) Importer(815301076,1909f56bfc062723c751e8b465ee728b)
Start importing Assets/Scenes/SampleScene.unity using Guid(2cda990e2423bbf4892e6590ba056729) Importer(815301076,1909f56bfc062723c751e8b465ee728b)  -> (artifact id: 'd6ef9bb889853988ef18d786bb5a84f9') in 0.006801 seconds
  Import took 0.009933 seconds .

========================================================================
Received Import Request.
  Time since last request: 0.001665 seconds.
  path: Assets/gfx/белый.jpg
  artifactKey: Guid(f4de9694e8787654b8fea713f4edba72) Importer(815301076,1909f56bfc062723c751e8b465ee728b)
Start importing Assets/gfx/белый.jpg using Guid(f4de9694e8787654b8fea713f4edba72) Importer(815301076,1909f56bfc062723c751e8b465ee728b)  -> (artifact id: 'b89973c4113e0ec31636b98716489be7') in 0.016991 seconds
  Import took 0.020175 seconds .

========================================================================
Received Import Request.
  Time since last request: 0.003557 seconds.
  path: Assets/gfx/heal.anim
  artifactKey: Guid(8f9787c17aad8794b9a36e4b0cfc7d54) Importer(815301076,1909f56bfc062723c751e8b465ee728b)
Start importing Assets/gfx/heal.anim using Guid(8f9787c17aad8794b9a36e4b0cfc7d54) Importer(815301076,1909f56bfc062723c751e8b465ee728b)  -> (artifact id: '91c2d75c3abb35f4160960ef12b59c93') in 0.002572 seconds
  Import took 0.005757 seconds .

========================================================================
Received Import Request.
  Time since last request: 0.001525 seconds.
  path: Assets/gfx/animations/redwalkright.anim
  artifactKey: Guid(77019102a81d6314792af4aebcd4840c) Importer(815301076,1909f56bfc062723c751e8b465ee728b)
Start importing Assets/gfx/animations/redwalkright.anim using Guid(77019102a81d6314792af4aebcd4840c) Importer(815301076,1909f56bfc062723c751e8b465ee728b)  -> (artifact id: '6036df2bb4f4b6c4a895563eadbf0e6b') in 0.002553 seconds
  Import took 0.005548 seconds .

========================================================================
Received Import Request.
  Time since last request: 0.001633 seconds.
  path: Assets/gfx/серый.jpg
  artifactKey: Guid(400d239def25d5c4ab6c279b32e4ccdd) Importer(815301076,1909f56bfc062723c751e8b465ee728b)
Start importing Assets/gfx/серый.jpg using Guid(400d239def25d5c4ab6c279b32e4ccdd) Importer(815301076,1909f56bfc062723c751e8b465ee728b)  -> (artifact id: '958ceafb40be5feb88836687a36772fa') in 0.011487 seconds
  Import took 0.014709 seconds .

========================================================================
Received Import Request.
  Time since last request: 0.003062 seconds.
  path: Assets/prefabs/bullet.prefab
  artifactKey: Guid(3e51daa3e365775449c29295bca9e87d) Importer(815301076,1909f56bfc062723c751e8b465ee728b)
Start importing Assets/prefabs/bullet.prefab using Guid(3e51daa3e365775449c29295bca9e87d) Importer(815301076,1909f56bfc062723c751e8b465ee728b)  -> (artifact id: 'b98a8d883c8e12af15541f9a7d61620b') in 0.010371 seconds
  Import took 0.013385 seconds .

========================================================================
Received Import Request.
  Time since last request: 0.003157 seconds.
  path: Assets/scripts/zombiebehavior.cs
  artifactKey: Guid(fad7e8e78aceee04490761042f7abe5f) Importer(815301076,1909f56bfc062723c751e8b465ee728b)
Start importing Assets/scripts/zombiebehavior.cs using Guid(fad7e8e78aceee04490761042f7abe5f) Importer(815301076,1909f56bfc062723c751e8b465ee728b)  -> (artifact id: 'b3895255200f3a80641a7bdadfeb6dc1') in 0.006067 seconds
  Import took 0.009314 seconds .

========================================================================
Received Import Request.
  Time since last request: 0.001666 seconds.
  path: Assets/gfx/animations/zombieDeath.anim
  artifactKey: Guid(ff1ad515680046044a5c8a5c4502f686) Importer(815301076,1909f56bfc062723c751e8b465ee728b)
Start importing Assets/gfx/animations/zombieDeath.anim using Guid(ff1ad515680046044a5c8a5c4502f686) Importer(815301076,1909f56bfc062723c751e8b465ee728b)  -> (artifact id: '6b37fcf197d161e531f54e9a0fd9cf75') in 0.006410 seconds
  Import took 0.009900 seconds .

========================================================================
Received Import Request.
  Time since last request: 0.001721 seconds.
  path: Assets/gfx/walkdown.anim
  artifactKey: Guid(706501f0a5a2d1a4dad1fdfa014f51d6) Importer(815301076,1909f56bfc062723c751e8b465ee728b)
Start importing Assets/gfx/walkdown.anim using Guid(706501f0a5a2d1a4dad1fdfa014f51d6) Importer(815301076,1909f56bfc062723c751e8b465ee728b)  -> (artifact id: '697091a35257cccd3c237c0bab23e5cf') in 0.006174 seconds
  Import took 0.009077 seconds .

========================================================================
Received Import Request.
  Time since last request: 0.001590 seconds.
  path: Assets/gfx/zombieup.anim
  artifactKey: Guid(55d4d387123b8644d83b4e49f99cd05b) Importer(815301076,1909f56bfc062723c751e8b465ee728b)
Start importing Assets/gfx/zombieup.anim using Guid(55d4d387123b8644d83b4e49f99cd05b) Importer(815301076,1909f56bfc062723c751e8b465ee728b)  -> (artifact id: 'e9af2b3971ae6376ecdfbf6395e37396') in 0.006727 seconds
  Import took 0.009883 seconds .

========================================================================
Received Import Request.
  Time since last request: 0.001627 seconds.
  path: Assets/gfx/animations/walkright.anim
  artifactKey: Guid(53b7d9d466c782f43bd1d4b5c6360dcd) Importer(815301076,1909f56bfc062723c751e8b465ee728b)
Start importing Assets/gfx/animations/walkright.anim using Guid(53b7d9d466c782f43bd1d4b5c6360dcd) Importer(815301076,1909f56bfc062723c751e8b465ee728b)  -> (artifact id: '0a2cafe122ce6f48b4566a445a2654ea') in 0.002602 seconds
  Import took 0.005779 seconds .

========================================================================
Received Import Request.
  Time since last request: 0.001618 seconds.
  path: Assets/gfx/animations/idleup.anim
  artifactKey: Guid(030447be6e7c878488f1accc914d9a83) Importer(815301076,1909f56bfc062723c751e8b465ee728b)
Start importing Assets/gfx/animations/idleup.anim using Guid(030447be6e7c878488f1accc914d9a83) Importer(815301076,1909f56bfc062723c751e8b465ee728b)  -> (artifact id: '539309e400ba18b8f2e42233f25a4cec') in 0.006182 seconds
  Import took 0.009522 seconds .

========================================================================
Received Import Request.
  Time since last request: 0.001588 seconds.
  path: Assets/gfx/animations/idleright.anim
  artifactKey: Guid(0be3df1ccf1960c48a7315e8fa877dfb) Importer(815301076,1909f56bfc062723c751e8b465ee728b)
Start importing Assets/gfx/animations/idleright.anim using Guid(0be3df1ccf1960c48a7315e8fa877dfb) Importer(815301076,1909f56bfc062723c751e8b465ee728b)  -> (artifact id: 'ef10870ab2a96b063ddcb99ead336247') in 0.006159 seconds
  Import took 0.009332 seconds .

========================================================================
Received Import Request.
  Time since last request: 0.001971 seconds.
  path: Assets/gfx/character3.png
  artifactKey: Guid(63496491af757da4abdaed8f8f328e49) Importer(815301076,1909f56bfc062723c751e8b465ee728b)
Start importing Assets/gfx/character3.png using Guid(63496491af757da4abdaed8f8f328e49) Importer(815301076,1909f56bfc062723c751e8b465ee728b)  -> (artifact id: '9efb3bd3c5bd3aff719f135eca02ac41') in 0.013128 seconds
  Import took 0.016516 seconds .

========================================================================
Received Import Request.
  Time since last request: 0.007117 seconds.
  path: Assets/gfx/bullets.anim
  artifactKey: Guid(c8aec71962006494d995d985ae3e2a2f) Importer(815301076,1909f56bfc062723c751e8b465ee728b)
Start importing Assets/gfx/bullets.anim using Guid(c8aec71962006494d995d985ae3e2a2f) Importer(815301076,1909f56bfc062723c751e8b465ee728b)  -> (artifact id: 'f0fef791bafb00b7e10877d569428dad') in 0.002734 seconds
  Import took 0.006008 seconds .

========================================================================
Received Import Request.
  Time since last request: 0.001588 seconds.
  path: Assets/gfx/gun.png
  artifactKey: Guid(63ee557ba3f997f459a34f62956375c7) Importer(815301076,1909f56bfc062723c751e8b465ee728b)
Start importing Assets/gfx/gun.png using Guid(63ee557ba3f997f459a34f62956375c7) Importer(815301076,1909f56bfc062723c751e8b465ee728b)  -> (artifact id: '91f71f78113bb2c6309e87b199cd095a') in 0.017705 seconds
  Import took 0.020708 seconds .

========================================================================
Received Import Request.
  Time since last request: 0.006972 seconds.
  path: Assets/gfx/animations/redwalkup.anim
  artifactKey: Guid(51dc95d5a307dcf429fe036b4039c6c3) Importer(815301076,1909f56bfc062723c751e8b465ee728b)
Start importing Assets/gfx/animations/redwalkup.anim using Guid(51dc95d5a307dcf429fe036b4039c6c3) Importer(815301076,1909f56bfc062723c751e8b465ee728b)  -> (artifact id: 'b8f096c05dbe88964119545df1c645ff') in 0.003432 seconds
  Import took 0.006436 seconds .

========================================================================
Received Import Request.
  Time since last request: 0.001688 seconds.
  path: Assets/gfx/animations/walkdown.anim
  artifactKey: Guid(344b743a3a3c43b4abca50a0267e60fa) Importer(815301076,1909f56bfc062723c751e8b465ee728b)
Start importing Assets/gfx/animations/walkdown.anim using Guid(344b743a3a3c43b4abca50a0267e60fa) Importer(815301076,1909f56bfc062723c751e8b465ee728b)  -> (artifact id: 'c520a82486bd0d3edafcb5cd87eeb0d8') in 0.002630 seconds
  Import took 0.005553 seconds .

========================================================================
Received Import Request.
  Time since last request: 0.001629 seconds.
  path: Assets/gfx/Inner.png
  artifactKey: Guid(ff4502a6b4e19f44c89d0c448b3e20dc) Importer(815301076,1909f56bfc062723c751e8b465ee728b)
Start importing Assets/gfx/Inner.png using Guid(ff4502a6b4e19f44c89d0c448b3e20dc) Importer(815301076,1909f56bfc062723c751e8b465ee728b)  -> (artifact id: 'e9f5fa9870b82e2b207f68896ed13772') in 0.014779 seconds
  Import took 0.017844 seconds .

========================================================================
Received Import Request.
  Time since last request: 0.008607 seconds.
  path: Assets/gfx/NPC_test_red.png
  artifactKey: Guid(7df411d464f2a534198c1659876a3a3d) Importer(815301076,1909f56bfc062723c751e8b465ee728b)
Start importing Assets/gfx/NPC_test_red.png using Guid(7df411d464f2a534198c1659876a3a3d) Importer(815301076,1909f56bfc062723c751e8b465ee728b)  -> (artifact id: 'babca322fea270ffb9c477b9740c7040') in 0.029741 seconds
  Import took 0.032878 seconds .

========================================================================
Received Import Request.
  Time since last request: 0.012224 seconds.
  path: Assets/prefabs/bulletsbonus.prefab
  artifactKey: Guid(6b3903474b52694439a94d1f0807b5ae) Importer(815301076,1909f56bfc062723c751e8b465ee728b)
Start importing Assets/prefabs/bulletsbonus.prefab using Guid(6b3903474b52694439a94d1f0807b5ae) Importer(815301076,1909f56bfc062723c751e8b465ee728b)  -> (artifact id: '7036ab0673bf6e052b39d0eb223d8ee5') in 0.011906 seconds
  Import took 0.015323 seconds .

========================================================================
Received Import Request.
  Time since last request: 0.003632 seconds.
  path: Assets/gfx/reddown.anim
  artifactKey: Guid(3f71b9ea633cf664e98bdcfaa767aea9) Importer(815301076,1909f56bfc062723c751e8b465ee728b)
Start importing Assets/gfx/reddown.anim using Guid(3f71b9ea633cf664e98bdcfaa767aea9) Importer(815301076,1909f56bfc062723c751e8b465ee728b)  -> (artifact id: '7dcaeb498c09a9e637e0ecd243e58646') in 0.002482 seconds
  Import took 0.005610 seconds .

========================================================================
Received Import Request.
  Time since last request: 0.001606 seconds.
  path: Assets/prefabs/redZombie.prefab
  artifactKey: Guid(79a133a304e40aa479981add9cb06816) Importer(815301076,1909f56bfc062723c751e8b465ee728b)
Start importing Assets/prefabs/redZombie.prefab using Guid(79a133a304e40aa479981add9cb06816) Importer(815301076,1909f56bfc062723c751e8b465ee728b)  -> (artifact id: '4436704bae27d667323a32a968d7d085') in 0.015725 seconds
  Import took 0.019303 seconds .

========================================================================
Received Import Request.
  Time since last request: 0.003243 seconds.
  path: Assets/gfx/redleft.anim
  artifactKey: Guid(c71fb9def2cbfa74db176713ad683f1e) Importer(815301076,1909f56bfc062723c751e8b465ee728b)
Start importing Assets/gfx/redleft.anim using Guid(c71fb9def2cbfa74db176713ad683f1e) Importer(815301076,1909f56bfc062723c751e8b465ee728b)  -> (artifact id: '4f270c4d10098e8c9333a1de67548fc5') in 0.002482 seconds
  Import took 0.006005 seconds .

========================================================================
Received Import Request.
  Time since last request: 0.001580 seconds.
  path: Assets/prefabs/heal.prefab
  artifactKey: Guid(abece230dfe47eb4fbf1948d80c5a900) Importer(815301076,1909f56bfc062723c751e8b465ee728b)
Start importing Assets/prefabs/heal.prefab using Guid(abece230dfe47eb4fbf1948d80c5a900) Importer(815301076,1909f56bfc062723c751e8b465ee728b)  -> (artifact id: '4fba684fdd9cb21b4937621c336e63f7') in 0.011773 seconds
  Import took 0.014850 seconds .

========================================================================
Received Import Request.
  Time since last request: 979.870616 seconds.
  path: Assets/prefabs/player 1.prefab
  artifactKey: Guid(58a19fddfe2726b4ea8446ff7687274b) Importer(815301076,1909f56bfc062723c751e8b465ee728b)
Start importing Assets/prefabs/player 1.prefab using Guid(58a19fddfe2726b4ea8446ff7687274b) Importer(815301076,1909f56bfc062723c751e8b465ee728b)  -> (artifact id: '19a8ba615edd67fe377db0e6c6344d32') in 0.089290 seconds
  Import took 0.094627 seconds .

========================================================================
Received Import Request.
  Time since last request: 12.583216 seconds.
  path: Assets/prefabs/bulletsbonus 1.prefab
  artifactKey: Guid(48dab0766ce4e764b8cbc36d1ac32ee3) Importer(815301076,1909f56bfc062723c751e8b465ee728b)
Start importing Assets/prefabs/bulletsbonus 1.prefab using Guid(48dab0766ce4e764b8cbc36d1ac32ee3) Importer(815301076,1909f56bfc062723c751e8b465ee728b)  -> (artifact id: 'b9796f8ac32ffc7332aaa833a4c2d618') in 0.016732 seconds
  Import took 0.020817 seconds .

========================================================================
Received Import Request.
  Time since last request: 0.032337 seconds.
  path: Assets/prefabs/bulletsbonus 1.prefab
  artifactKey: Guid(48dab0766ce4e764b8cbc36d1ac32ee3) Importer(815301076,1909f56bfc062723c751e8b465ee728b)
Start importing Assets/prefabs/bulletsbonus 1.prefab using Guid(48dab0766ce4e764b8cbc36d1ac32ee3) Importer(815301076,1909f56bfc062723c751e8b465ee728b)  -> (artifact id: 'b9796f8ac32ffc7332aaa833a4c2d618') in 0.009025 seconds
  Import took 0.012387 seconds .

