Using pre-set license
Built from '2020.3/staging' branch; Version is '2020.3.8f1 (507919d4fff5) revision 5273881'; Using compiler version '192528614'; Build Type 'Release'
OS: 'Windows 10 Home; OS build 19042.985; Version 2009; 64bit' Language: 'ru' Physical Memory: 16165 MB
BatchMode: 1, IsHumanControllingUs: 0, StartBugReporterOnCrash: 0, Is64bit: 1, IsPro: 0

 COMMAND LINE ARGUMENTS:
D:\Unity\2020.3.8f1\Editor\Unity.exe
-adb2
-batchMode
-noUpm
-name
AssetImportWorker0
-projectPath
D:/Game/UnityGame/Zombies
-logFile
Logs/AssetImportWorker0.log
-srvPort
62062
Successfully changed project path to: D:/Game/UnityGame/Zombies
D:/Game/UnityGame/Zombies
Using Asset Import Pipeline V2.
Refreshing native plugins compatible for Editor in 50.44 ms, found 1 plugins.
Preloading 0 native plugins for Editor in 0.00 ms.
Initialize engine version: 2020.3.8f1 (507919d4fff5)
[Subsystems] Discovering subsystems at path D:/Unity/2020.3.8f1/Editor/Data/Resources/UnitySubsystems
[Subsystems] Discovering subsystems at path D:/Game/UnityGame/Zombies/Assets
GfxDevice: creating device client; threaded=0
Direct3D:
    Version:  Direct3D 11.0 [level 11.1]
    Renderer: NVIDIA GeForce GTX 1050 with Max-Q Design (ID=0x1c91)
    Vendor:   
    VRAM:     2996 MB
    Driver:   27.21.14.6230
Initialize mono
Mono path[0] = 'D:/Unity/2020.3.8f1/Editor/Data/Managed'
Mono path[1] = 'D:/Unity/2020.3.8f1/Editor/Data/MonoBleedingEdge/lib/mono/unityjit'
Mono config path = 'D:/Unity/2020.3.8f1/Editor/Data/MonoBleedingEdge/etc'
Using monoOptions --debugger-agent=transport=dt_socket,embedding=1,server=y,suspend=n,address=127.0.0.1:56572
Begin MonoManager ReloadAssembly
Registering precompiled unity dll's ...
Register platform support module: D:/Unity/2020.3.8f1/Editor/Data/PlaybackEngines/WebGLSupport/UnityEditor.WebGL.Extensions.dll
Register platform support module: D:/Unity/2020.3.8f1/Editor/Data/PlaybackEngines/WindowsStandaloneSupport/UnityEditor.WindowsStandalone.Extensions.dll
Registered in 0.001008 seconds.
Native extension for WindowsStandalone target not found
Native extension for WebGL target not found
Refreshing native plugins compatible for Editor in 50.34 ms, found 1 plugins.
Preloading 0 native plugins for Editor in 0.00 ms.
Mono: successfully reloaded assembly
- Completed reload, in  0.829 seconds
Platform modules already initialized, skipping
Registering precompiled user dll's ...
Registered in 0.001976 seconds.
Begin MonoManager ReloadAssembly
Native extension for WindowsStandalone target not found
Native extension for WebGL target not found
Refreshing native plugins compatible for Editor in 48.39 ms, found 1 plugins.
Preloading 0 native plugins for Editor in 0.00 ms.
Mono: successfully reloaded assembly
- Completed reload, in  0.854 seconds
Platform modules already initialized, skipping
========================================================================
Worker process is ready to serve import requests
Launched and connected shader compiler UnityShaderCompiler.exe after 0.04 seconds
Refreshing native plugins compatible for Editor in 0.50 ms, found 1 plugins.
Preloading 0 native plugins for Editor in 0.00 ms.
Unloading 1838 Unused Serialized files (Serialized files now loaded: 0)
System memory in use before: 87.7 MB.
System memory in use after: 87.7 MB.

Unloading 24 unused Assets to reduce memory usage. Loaded Objects now: 2284.
Total: 1.863700 ms (FindLiveObjects: 0.149700 ms CreateObjectMapping: 0.049800 ms MarkObjects: 1.540900 ms  DeleteObjects: 0.122000 ms)

========================================================================
Received Import Request.
  path: Assets/prefabs/redZombie.prefab
  artifactKey: Guid(79a133a304e40aa479981add9cb06816) Importer(815301076,1909f56bfc062723c751e8b465ee728b)
Start importing Assets/prefabs/redZombie.prefab using Guid(79a133a304e40aa479981add9cb06816) Importer(815301076,1909f56bfc062723c751e8b465ee728b)  -> (artifact id: '27f669418106b81c5a103a457ab02420') in 0.134443 seconds
  Import took 0.138436 seconds .

========================================================================
Received Prepare
Registering precompiled user dll's ...
Registered in 0.000870 seconds.
Begin MonoManager ReloadAssembly
Native extension for WindowsStandalone target not found
Native extension for WebGL target not found
Refreshing native plugins compatible for Editor in 0.59 ms, found 1 plugins.
Preloading 0 native plugins for Editor in 0.00 ms.
Mono: successfully reloaded assembly
- Completed reload, in  1.378 seconds
Platform modules already initialized, skipping
Refreshing native plugins compatible for Editor in 0.65 ms, found 1 plugins.
Preloading 0 native plugins for Editor in 0.00 ms.
Unloading 1820 Unused Serialized files (Serialized files now loaded: 0)
System memory in use before: 89.5 MB.
System memory in use after: 89.5 MB.

Unloading 12 unused Assets to reduce memory usage. Loaded Objects now: 2295.
Total: 3.368500 ms (FindLiveObjects: 0.225700 ms CreateObjectMapping: 0.059900 ms MarkObjects: 2.839600 ms  DeleteObjects: 0.242000 ms)

========================================================================
Received Import Request.
  Time since last request: 21.577075 seconds.
  path: Assets/prefabs/zombie.prefab
  artifactKey: Guid(c87efda86771d7e4db324de862525e24) Importer(815301076,1909f56bfc062723c751e8b465ee728b)
Start importing Assets/prefabs/zombie.prefab using Guid(c87efda86771d7e4db324de862525e24) Importer(815301076,1909f56bfc062723c751e8b465ee728b)  -> (artifact id: '64d908ddb0233bbda6f3f61dd29d55a7') in 0.116090 seconds
  Import took 0.121430 seconds .

========================================================================
Received Prepare
Registering precompiled user dll's ...
Registered in 0.000812 seconds.
Begin MonoManager ReloadAssembly
Native extension for WindowsStandalone target not found
Native extension for WebGL target not found
Refreshing native plugins compatible for Editor in 0.82 ms, found 1 plugins.
Preloading 0 native plugins for Editor in 0.00 ms.
Mono: successfully reloaded assembly
- Completed reload, in  1.378 seconds
Platform modules already initialized, skipping
Refreshing native plugins compatible for Editor in 1.06 ms, found 1 plugins.
Preloading 0 native plugins for Editor in 0.00 ms.
Unloading 1820 Unused Serialized files (Serialized files now loaded: 0)
System memory in use before: 89.6 MB.
System memory in use after: 89.5 MB.

Unloading 12 unused Assets to reduce memory usage. Loaded Objects now: 2300.
Total: 3.337700 ms (FindLiveObjects: 0.184000 ms CreateObjectMapping: 0.098900 ms MarkObjects: 2.884300 ms  DeleteObjects: 0.167800 ms)

========================================================================
Received Import Request.
  Time since last request: 24.331527 seconds.
  path: Assets/prefabs/zombie.prefab
  artifactKey: Guid(c87efda86771d7e4db324de862525e24) Importer(815301076,1909f56bfc062723c751e8b465ee728b)
Start importing Assets/prefabs/zombie.prefab using Guid(c87efda86771d7e4db324de862525e24) Importer(815301076,1909f56bfc062723c751e8b465ee728b)  -> (artifact id: '94bd785c368d9bb4e5f34bfff46003e3') in 0.110447 seconds
  Import took 0.115482 seconds .

========================================================================
Received Prepare
Registering precompiled user dll's ...
Registered in 0.000779 seconds.
Begin MonoManager ReloadAssembly
Native extension for WindowsStandalone target not found
Native extension for WebGL target not found
Refreshing native plugins compatible for Editor in 0.44 ms, found 1 plugins.
Preloading 0 native plugins for Editor in 0.00 ms.
Mono: successfully reloaded assembly
- Completed reload, in  0.755 seconds
Platform modules already initialized, skipping
Refreshing native plugins compatible for Editor in 0.48 ms, found 1 plugins.
Preloading 0 native plugins for Editor in 0.00 ms.
Unloading 1820 Unused Serialized files (Serialized files now loaded: 0)
System memory in use before: 89.6 MB.
System memory in use after: 89.6 MB.

Unloading 12 unused Assets to reduce memory usage. Loaded Objects now: 2305.
Total: 1.990800 ms (FindLiveObjects: 0.148500 ms CreateObjectMapping: 0.048400 ms MarkObjects: 1.614900 ms  DeleteObjects: 0.177900 ms)

========================================================================
Received Prepare
Registering precompiled user dll's ...
Registered in 0.000792 seconds.
Begin MonoManager ReloadAssembly
Native extension for WindowsStandalone target not found
Native extension for WebGL target not found
Refreshing native plugins compatible for Editor in 0.52 ms, found 1 plugins.
Preloading 0 native plugins for Editor in 0.00 ms.
Mono: successfully reloaded assembly
- Completed reload, in  0.765 seconds
Platform modules already initialized, skipping
Refreshing native plugins compatible for Editor in 0.49 ms, found 1 plugins.
Preloading 0 native plugins for Editor in 0.00 ms.
Unloading 1820 Unused Serialized files (Serialized files now loaded: 0)
System memory in use before: 89.6 MB.
System memory in use after: 89.6 MB.

Unloading 12 unused Assets to reduce memory usage. Loaded Objects now: 2309.
Total: 1.953900 ms (FindLiveObjects: 0.145400 ms CreateObjectMapping: 0.048100 ms MarkObjects: 1.640800 ms  DeleteObjects: 0.118500 ms)

========================================================================
Received Prepare
Registering precompiled user dll's ...
Registered in 0.000764 seconds.
Begin MonoManager ReloadAssembly
Native extension for WindowsStandalone target not found
Native extension for WebGL target not found
Refreshing native plugins compatible for Editor in 0.45 ms, found 1 plugins.
Preloading 0 native plugins for Editor in 0.00 ms.
Mono: successfully reloaded assembly
- Completed reload, in  0.746 seconds
Platform modules already initialized, skipping
Refreshing native plugins compatible for Editor in 0.48 ms, found 1 plugins.
Preloading 0 native plugins for Editor in 0.00 ms.
Unloading 1820 Unused Serialized files (Serialized files now loaded: 0)
System memory in use before: 89.6 MB.
System memory in use after: 89.6 MB.

Unloading 12 unused Assets to reduce memory usage. Loaded Objects now: 2313.
Total: 2.113600 ms (FindLiveObjects: 0.147100 ms CreateObjectMapping: 0.049000 ms MarkObjects: 1.797100 ms  DeleteObjects: 0.119000 ms)

========================================================================
Received Prepare
Registering precompiled user dll's ...
Registered in 0.001066 seconds.
Begin MonoManager ReloadAssembly
Native extension for WindowsStandalone target not found
Native extension for WebGL target not found
Refreshing native plugins compatible for Editor in 0.55 ms, found 1 plugins.
Preloading 0 native plugins for Editor in 0.00 ms.
Mono: successfully reloaded assembly
- Completed reload, in  0.986 seconds
Platform modules already initialized, skipping
Refreshing native plugins compatible for Editor in 0.54 ms, found 1 plugins.
Preloading 0 native plugins for Editor in 0.00 ms.
Unloading 1820 Unused Serialized files (Serialized files now loaded: 0)
System memory in use before: 89.6 MB.
System memory in use after: 89.6 MB.

Unloading 12 unused Assets to reduce memory usage. Loaded Objects now: 2317.
Total: 2.262200 ms (FindLiveObjects: 0.187500 ms CreateObjectMapping: 0.065500 ms MarkObjects: 1.879900 ms  DeleteObjects: 0.125600 ms)

========================================================================
Received Prepare
Registering precompiled user dll's ...
Registered in 0.001055 seconds.
Begin MonoManager ReloadAssembly
Native extension for WindowsStandalone target not found
Native extension for WebGL target not found
Refreshing native plugins compatible for Editor in 0.45 ms, found 1 plugins.
Preloading 0 native plugins for Editor in 0.00 ms.
Mono: successfully reloaded assembly
- Completed reload, in  0.746 seconds
Platform modules already initialized, skipping
Refreshing native plugins compatible for Editor in 0.49 ms, found 1 plugins.
Preloading 0 native plugins for Editor in 0.00 ms.
Unloading 1820 Unused Serialized files (Serialized files now loaded: 0)
System memory in use before: 89.6 MB.
System memory in use after: 89.6 MB.

Unloading 12 unused Assets to reduce memory usage. Loaded Objects now: 2321.
Total: 2.075200 ms (FindLiveObjects: 0.189900 ms CreateObjectMapping: 0.047900 ms MarkObjects: 1.659800 ms  DeleteObjects: 0.176100 ms)

========================================================================
Received Prepare
Registering precompiled user dll's ...
Registered in 0.000765 seconds.
Begin MonoManager ReloadAssembly
Native extension for WindowsStandalone target not found
Native extension for WebGL target not found
Refreshing native plugins compatible for Editor in 0.46 ms, found 1 plugins.
Preloading 0 native plugins for Editor in 0.00 ms.
Mono: successfully reloaded assembly
- Completed reload, in  0.761 seconds
Platform modules already initialized, skipping
Refreshing native plugins compatible for Editor in 0.51 ms, found 1 plugins.
Preloading 0 native plugins for Editor in 0.00 ms.
Unloading 1820 Unused Serialized files (Serialized files now loaded: 0)
System memory in use before: 89.6 MB.
System memory in use after: 89.6 MB.

Unloading 12 unused Assets to reduce memory usage. Loaded Objects now: 2325.
Total: 2.066100 ms (FindLiveObjects: 0.148700 ms CreateObjectMapping: 0.047900 ms MarkObjects: 1.695500 ms  DeleteObjects: 0.172500 ms)

========================================================================
Received Prepare
Registering precompiled user dll's ...
Registered in 0.000801 seconds.
Begin MonoManager ReloadAssembly
Native extension for WindowsStandalone target not found
Native extension for WebGL target not found
Refreshing native plugins compatible for Editor in 0.47 ms, found 1 plugins.
Preloading 0 native plugins for Editor in 0.00 ms.
Mono: successfully reloaded assembly
- Completed reload, in  0.771 seconds
Platform modules already initialized, skipping
Refreshing native plugins compatible for Editor in 0.48 ms, found 1 plugins.
Preloading 0 native plugins for Editor in 0.00 ms.
Unloading 1820 Unused Serialized files (Serialized files now loaded: 0)
System memory in use before: 89.7 MB.
System memory in use after: 89.6 MB.

Unloading 12 unused Assets to reduce memory usage. Loaded Objects now: 2329.
Total: 2.015700 ms (FindLiveObjects: 0.156200 ms CreateObjectMapping: 0.050800 ms MarkObjects: 1.685100 ms  DeleteObjects: 0.122200 ms)

========================================================================
Received Prepare
Registering precompiled user dll's ...
Registered in 0.000782 seconds.
Begin MonoManager ReloadAssembly
Native extension for WindowsStandalone target not found
Native extension for WebGL target not found
Refreshing native plugins compatible for Editor in 0.52 ms, found 1 plugins.
Preloading 0 native plugins for Editor in 0.00 ms.
Mono: successfully reloaded assembly
- Completed reload, in  0.766 seconds
Platform modules already initialized, skipping
Refreshing native plugins compatible for Editor in 0.49 ms, found 1 plugins.
Preloading 0 native plugins for Editor in 0.00 ms.
Unloading 1820 Unused Serialized files (Serialized files now loaded: 0)
System memory in use before: 89.7 MB.
System memory in use after: 89.6 MB.

Unloading 12 unused Assets to reduce memory usage. Loaded Objects now: 2333.
Total: 2.113200 ms (FindLiveObjects: 0.150200 ms CreateObjectMapping: 0.057800 ms MarkObjects: 1.735000 ms  DeleteObjects: 0.168900 ms)

========================================================================
Received Prepare
Registering precompiled user dll's ...
Registered in 0.000797 seconds.
Begin MonoManager ReloadAssembly
Native extension for WindowsStandalone target not found
Native extension for WebGL target not found
Refreshing native plugins compatible for Editor in 0.50 ms, found 1 plugins.
Preloading 0 native plugins for Editor in 0.00 ms.
Mono: successfully reloaded assembly
- Completed reload, in  0.821 seconds
Platform modules already initialized, skipping
Refreshing native plugins compatible for Editor in 0.52 ms, found 1 plugins.
Preloading 0 native plugins for Editor in 0.00 ms.
Unloading 1820 Unused Serialized files (Serialized files now loaded: 0)
System memory in use before: 89.7 MB.
System memory in use after: 89.6 MB.

Unloading 12 unused Assets to reduce memory usage. Loaded Objects now: 2337.
Total: 2.207300 ms (FindLiveObjects: 0.159900 ms CreateObjectMapping: 0.058900 ms MarkObjects: 1.859700 ms  DeleteObjects: 0.127400 ms)

========================================================================
Received Prepare
Registering precompiled user dll's ...
Registered in 0.000720 seconds.
Begin MonoManager ReloadAssembly
Native extension for WindowsStandalone target not found
Native extension for WebGL target not found
Refreshing native plugins compatible for Editor in 0.52 ms, found 1 plugins.
Preloading 0 native plugins for Editor in 0.00 ms.
Mono: successfully reloaded assembly
- Completed reload, in  0.768 seconds
Platform modules already initialized, skipping
Refreshing native plugins compatible for Editor in 0.46 ms, found 1 plugins.
Preloading 0 native plugins for Editor in 0.00 ms.
Unloading 1820 Unused Serialized files (Serialized files now loaded: 0)
System memory in use before: 89.7 MB.
System memory in use after: 89.7 MB.

Unloading 12 unused Assets to reduce memory usage. Loaded Objects now: 2341.
Total: 1.864300 ms (FindLiveObjects: 0.159100 ms CreateObjectMapping: 0.052800 ms MarkObjects: 1.533900 ms  DeleteObjects: 0.116700 ms)

========================================================================
Received Prepare
Registering precompiled user dll's ...
Registered in 0.000772 seconds.
Begin MonoManager ReloadAssembly
Native extension for WindowsStandalone target not found
Native extension for WebGL target not found
Refreshing native plugins compatible for Editor in 0.46 ms, found 1 plugins.
Preloading 0 native plugins for Editor in 0.00 ms.
Mono: successfully reloaded assembly
- Completed reload, in  0.743 seconds
Platform modules already initialized, skipping
Refreshing native plugins compatible for Editor in 0.48 ms, found 1 plugins.
Preloading 0 native plugins for Editor in 0.00 ms.
Unloading 1820 Unused Serialized files (Serialized files now loaded: 0)
System memory in use before: 89.7 MB.
System memory in use after: 89.7 MB.

Unloading 12 unused Assets to reduce memory usage. Loaded Objects now: 2345.
Total: 2.070200 ms (FindLiveObjects: 0.153700 ms CreateObjectMapping: 0.054700 ms MarkObjects: 1.745600 ms  DeleteObjects: 0.114800 ms)

========================================================================
Received Prepare
Registering precompiled user dll's ...
Registered in 0.000828 seconds.
Begin MonoManager ReloadAssembly
Native extension for WindowsStandalone target not found
Native extension for WebGL target not found
Refreshing native plugins compatible for Editor in 0.48 ms, found 1 plugins.
Preloading 0 native plugins for Editor in 0.00 ms.
Mono: successfully reloaded assembly
- Completed reload, in  0.826 seconds
Platform modules already initialized, skipping
Refreshing native plugins compatible for Editor in 0.61 ms, found 1 plugins.
Preloading 0 native plugins for Editor in 0.00 ms.
Unloading 1820 Unused Serialized files (Serialized files now loaded: 0)
System memory in use before: 89.7 MB.
System memory in use after: 89.7 MB.

Unloading 12 unused Assets to reduce memory usage. Loaded Objects now: 2349.
Total: 3.297200 ms (FindLiveObjects: 0.230000 ms CreateObjectMapping: 0.059200 ms MarkObjects: 2.876100 ms  DeleteObjects: 0.130300 ms)

========================================================================
Received Prepare
Registering precompiled user dll's ...
Registered in 0.000776 seconds.
Begin MonoManager ReloadAssembly
Native extension for WindowsStandalone target not found
Native extension for WebGL target not found
Refreshing native plugins compatible for Editor in 0.44 ms, found 1 plugins.
Preloading 0 native plugins for Editor in 0.00 ms.
Mono: successfully reloaded assembly
- Completed reload, in  0.799 seconds
Platform modules already initialized, skipping
Refreshing native plugins compatible for Editor in 0.50 ms, found 1 plugins.
Preloading 0 native plugins for Editor in 0.00 ms.
Unloading 1820 Unused Serialized files (Serialized files now loaded: 0)
System memory in use before: 89.7 MB.
System memory in use after: 89.7 MB.

Unloading 12 unused Assets to reduce memory usage. Loaded Objects now: 2353.
Total: 1.804300 ms (FindLiveObjects: 0.166100 ms CreateObjectMapping: 0.061300 ms MarkObjects: 1.461500 ms  DeleteObjects: 0.114500 ms)

========================================================================
Received Prepare
Registering precompiled user dll's ...
Registered in 0.000816 seconds.
Begin MonoManager ReloadAssembly
Native extension for WindowsStandalone target not found
Native extension for WebGL target not found
Refreshing native plugins compatible for Editor in 0.46 ms, found 1 plugins.
Preloading 0 native plugins for Editor in 0.00 ms.
Mono: successfully reloaded assembly
- Completed reload, in  0.839 seconds
Platform modules already initialized, skipping
Refreshing native plugins compatible for Editor in 0.47 ms, found 1 plugins.
Preloading 0 native plugins for Editor in 0.00 ms.
Unloading 1820 Unused Serialized files (Serialized files now loaded: 0)
System memory in use before: 89.7 MB.
System memory in use after: 89.7 MB.

Unloading 12 unused Assets to reduce memory usage. Loaded Objects now: 2357.
Total: 1.754800 ms (FindLiveObjects: 0.145400 ms CreateObjectMapping: 0.051500 ms MarkObjects: 1.439400 ms  DeleteObjects: 0.117200 ms)

========================================================================
Received Prepare
Registering precompiled user dll's ...
Registered in 0.000790 seconds.
Begin MonoManager ReloadAssembly
Native extension for WindowsStandalone target not found
Native extension for WebGL target not found
Refreshing native plugins compatible for Editor in 0.48 ms, found 1 plugins.
Preloading 0 native plugins for Editor in 0.00 ms.
Mono: successfully reloaded assembly
- Completed reload, in  0.837 seconds
Platform modules already initialized, skipping
Refreshing native plugins compatible for Editor in 0.52 ms, found 1 plugins.
Preloading 0 native plugins for Editor in 0.00 ms.
Unloading 1820 Unused Serialized files (Serialized files now loaded: 0)
System memory in use before: 89.7 MB.
System memory in use after: 89.7 MB.

Unloading 12 unused Assets to reduce memory usage. Loaded Objects now: 2361.
Total: 3.614300 ms (FindLiveObjects: 0.329100 ms CreateObjectMapping: 0.174200 ms MarkObjects: 2.995300 ms  DeleteObjects: 0.113900 ms)

========================================================================
Received Prepare
Registering precompiled user dll's ...
Registered in 0.000801 seconds.
Begin MonoManager ReloadAssembly
Native extension for WindowsStandalone target not found
Native extension for WebGL target not found
Refreshing native plugins compatible for Editor in 0.66 ms, found 1 plugins.
Preloading 0 native plugins for Editor in 0.00 ms.
Mono: successfully reloaded assembly
- Completed reload, in  1.079 seconds
Platform modules already initialized, skipping
Refreshing native plugins compatible for Editor in 0.49 ms, found 1 plugins.
Preloading 0 native plugins for Editor in 0.00 ms.
Unloading 1820 Unused Serialized files (Serialized files now loaded: 0)
System memory in use before: 89.7 MB.
System memory in use after: 89.7 MB.

Unloading 12 unused Assets to reduce memory usage. Loaded Objects now: 2365.
Total: 2.155700 ms (FindLiveObjects: 0.157200 ms CreateObjectMapping: 0.054000 ms MarkObjects: 1.830800 ms  DeleteObjects: 0.112200 ms)

========================================================================
Received Prepare
Registering precompiled user dll's ...
Registered in 0.001174 seconds.
Begin MonoManager ReloadAssembly
Native extension for WindowsStandalone target not found
Native extension for WebGL target not found
Refreshing native plugins compatible for Editor in 0.43 ms, found 1 plugins.
Preloading 0 native plugins for Editor in 0.00 ms.
Mono: successfully reloaded assembly
- Completed reload, in  0.816 seconds
Platform modules already initialized, skipping
Refreshing native plugins compatible for Editor in 0.66 ms, found 1 plugins.
Preloading 0 native plugins for Editor in 0.00 ms.
Unloading 1820 Unused Serialized files (Serialized files now loaded: 0)
System memory in use before: 89.7 MB.
System memory in use after: 89.7 MB.

Unloading 12 unused Assets to reduce memory usage. Loaded Objects now: 2369.
Total: 1.817900 ms (FindLiveObjects: 0.154500 ms CreateObjectMapping: 0.052300 ms MarkObjects: 1.498100 ms  DeleteObjects: 0.111700 ms)

========================================================================
Received Prepare
Registering precompiled user dll's ...
Registered in 0.000838 seconds.
Begin MonoManager ReloadAssembly
Native extension for WindowsStandalone target not found
Native extension for WebGL target not found
Refreshing native plugins compatible for Editor in 0.57 ms, found 1 plugins.
Preloading 0 native plugins for Editor in 0.00 ms.
Mono: successfully reloaded assembly
- Completed reload, in  0.764 seconds
Platform modules already initialized, skipping
Refreshing native plugins compatible for Editor in 0.49 ms, found 1 plugins.
Preloading 0 native plugins for Editor in 0.00 ms.
Unloading 1820 Unused Serialized files (Serialized files now loaded: 0)
System memory in use before: 89.8 MB.
System memory in use after: 89.7 MB.

Unloading 12 unused Assets to reduce memory usage. Loaded Objects now: 2373.
Total: 1.802700 ms (FindLiveObjects: 0.150500 ms CreateObjectMapping: 0.054100 ms MarkObjects: 1.473700 ms  DeleteObjects: 0.123500 ms)

========================================================================
Received Import Request.
  Time since last request: 1356.225128 seconds.
  path: Assets/scripts/Wearon.cs
  artifactKey: Guid(4e90763cb5914ac4aa1d60b2fff3d141) Importer(815301076,1909f56bfc062723c751e8b465ee728b)
Start importing Assets/scripts/Wearon.cs using Guid(4e90763cb5914ac4aa1d60b2fff3d141) Importer(815301076,1909f56bfc062723c751e8b465ee728b)  -> (artifact id: '47996fbc70e0b904c51172bf1a62eacc') in 0.041258 seconds
  Import took 0.044937 seconds .

========================================================================
Received Prepare
Registering precompiled user dll's ...
Registered in 0.000853 seconds.
Begin MonoManager ReloadAssembly
Native extension for WindowsStandalone target not found
Native extension for WebGL target not found
Refreshing native plugins compatible for Editor in 0.50 ms, found 1 plugins.
Preloading 0 native plugins for Editor in 0.00 ms.
Mono: successfully reloaded assembly
- Completed reload, in  0.821 seconds
Platform modules already initialized, skipping
Refreshing native plugins compatible for Editor in 0.48 ms, found 1 plugins.
Preloading 0 native plugins for Editor in 0.00 ms.
Unloading 1820 Unused Serialized files (Serialized files now loaded: 0)
System memory in use before: 89.8 MB.
System memory in use after: 89.7 MB.

Unloading 12 unused Assets to reduce memory usage. Loaded Objects now: 2377.
Total: 1.878200 ms (FindLiveObjects: 0.153200 ms CreateObjectMapping: 0.051700 ms MarkObjects: 1.558800 ms  DeleteObjects: 0.113200 ms)

========================================================================
Received Import Request.
  Time since last request: 58.144653 seconds.
  path: Assets/scripts/Wearon.cs
  artifactKey: Guid(4e90763cb5914ac4aa1d60b2fff3d141) Importer(815301076,1909f56bfc062723c751e8b465ee728b)
Start importing Assets/scripts/Wearon.cs using Guid(4e90763cb5914ac4aa1d60b2fff3d141) Importer(815301076,1909f56bfc062723c751e8b465ee728b)  -> (artifact id: 'b5731f78a239a7e30f42bef9ef5ee4ea') in 0.004579 seconds
  Import took 0.007497 seconds .

========================================================================
Received Prepare
Registering precompiled user dll's ...
Registered in 0.000853 seconds.
Begin MonoManager ReloadAssembly
Native extension for WindowsStandalone target not found
Native extension for WebGL target not found
Refreshing native plugins compatible for Editor in 0.43 ms, found 1 plugins.
Preloading 0 native plugins for Editor in 0.00 ms.
Mono: successfully reloaded assembly
- Completed reload, in  0.747 seconds
Platform modules already initialized, skipping
Refreshing native plugins compatible for Editor in 0.51 ms, found 1 plugins.
Preloading 0 native plugins for Editor in 0.00 ms.
Unloading 1820 Unused Serialized files (Serialized files now loaded: 0)
System memory in use before: 89.8 MB.
System memory in use after: 89.8 MB.

Unloading 12 unused Assets to reduce memory usage. Loaded Objects now: 2381.
Total: 1.753000 ms (FindLiveObjects: 0.147600 ms CreateObjectMapping: 0.052100 ms MarkObjects: 1.445400 ms  DeleteObjects: 0.106800 ms)

========================================================================
Received Prepare
Registering precompiled user dll's ...
Registered in 0.000939 seconds.
Begin MonoManager ReloadAssembly
Native extension for WindowsStandalone target not found
Native extension for WebGL target not found
Refreshing native plugins compatible for Editor in 0.76 ms, found 1 plugins.
Preloading 0 native plugins for Editor in 0.00 ms.
Mono: successfully reloaded assembly
- Completed reload, in  0.767 seconds
Platform modules already initialized, skipping
Refreshing native plugins compatible for Editor in 0.47 ms, found 1 plugins.
Preloading 0 native plugins for Editor in 0.00 ms.
Unloading 1820 Unused Serialized files (Serialized files now loaded: 0)
System memory in use before: 89.8 MB.
System memory in use after: 89.8 MB.

Unloading 12 unused Assets to reduce memory usage. Loaded Objects now: 2385.
Total: 1.936400 ms (FindLiveObjects: 0.158100 ms CreateObjectMapping: 0.054100 ms MarkObjects: 1.602100 ms  DeleteObjects: 0.120600 ms)

========================================================================
Received Prepare
Registering precompiled user dll's ...
Registered in 0.000790 seconds.
Begin MonoManager ReloadAssembly
Native extension for WindowsStandalone target not found
Native extension for WebGL target not found
Refreshing native plugins compatible for Editor in 0.46 ms, found 1 plugins.
Preloading 0 native plugins for Editor in 0.00 ms.
Mono: successfully reloaded assembly
- Completed reload, in  0.750 seconds
Platform modules already initialized, skipping
Refreshing native plugins compatible for Editor in 0.91 ms, found 1 plugins.
Preloading 0 native plugins for Editor in 0.00 ms.
Unloading 1820 Unused Serialized files (Serialized files now loaded: 0)
System memory in use before: 89.8 MB.
System memory in use after: 89.8 MB.

Unloading 12 unused Assets to reduce memory usage. Loaded Objects now: 2389.
Total: 1.795600 ms (FindLiveObjects: 0.152200 ms CreateObjectMapping: 0.051300 ms MarkObjects: 1.469600 ms  DeleteObjects: 0.121400 ms)

========================================================================
Received Prepare
Registering precompiled user dll's ...
Registered in 0.001103 seconds.
Begin MonoManager ReloadAssembly
Native extension for WindowsStandalone target not found
Native extension for WebGL target not found
Refreshing native plugins compatible for Editor in 0.46 ms, found 1 plugins.
Preloading 0 native plugins for Editor in 0.00 ms.
Mono: successfully reloaded assembly
- Completed reload, in  0.725 seconds
Platform modules already initialized, skipping
Refreshing native plugins compatible for Editor in 0.54 ms, found 1 plugins.
Preloading 0 native plugins for Editor in 0.00 ms.
Unloading 1820 Unused Serialized files (Serialized files now loaded: 0)
System memory in use before: 89.8 MB.
System memory in use after: 89.8 MB.

Unloading 12 unused Assets to reduce memory usage. Loaded Objects now: 2393.
Total: 2.106000 ms (FindLiveObjects: 0.158300 ms CreateObjectMapping: 0.052600 ms MarkObjects: 1.690600 ms  DeleteObjects: 0.203200 ms)

========================================================================
Received Prepare
Registering precompiled user dll's ...
Registered in 0.000800 seconds.
Begin MonoManager ReloadAssembly
Native extension for WindowsStandalone target not found
Native extension for WebGL target not found
Refreshing native plugins compatible for Editor in 0.80 ms, found 1 plugins.
Preloading 0 native plugins for Editor in 0.00 ms.
Mono: successfully reloaded assembly
- Completed reload, in  0.859 seconds
Platform modules already initialized, skipping
Refreshing native plugins compatible for Editor in 0.47 ms, found 1 plugins.
Preloading 0 native plugins for Editor in 0.00 ms.
Unloading 1820 Unused Serialized files (Serialized files now loaded: 0)
System memory in use before: 89.8 MB.
System memory in use after: 89.8 MB.

Unloading 12 unused Assets to reduce memory usage. Loaded Objects now: 2397.
Total: 1.771100 ms (FindLiveObjects: 0.152900 ms CreateObjectMapping: 0.055500 ms MarkObjects: 1.449900 ms  DeleteObjects: 0.111600 ms)

========================================================================
Received Prepare
Registering precompiled user dll's ...
Registered in 0.000812 seconds.
Begin MonoManager ReloadAssembly
Native extension for WindowsStandalone target not found
Native extension for WebGL target not found
Refreshing native plugins compatible for Editor in 0.46 ms, found 1 plugins.
Preloading 0 native plugins for Editor in 0.00 ms.
Mono: successfully reloaded assembly
- Completed reload, in  0.743 seconds
Platform modules already initialized, skipping
Refreshing native plugins compatible for Editor in 0.46 ms, found 1 plugins.
Preloading 0 native plugins for Editor in 0.00 ms.
Unloading 1820 Unused Serialized files (Serialized files now loaded: 0)
System memory in use before: 89.8 MB.
System memory in use after: 89.8 MB.

Unloading 12 unused Assets to reduce memory usage. Loaded Objects now: 2401.
Total: 2.009800 ms (FindLiveObjects: 0.142600 ms CreateObjectMapping: 0.047700 ms MarkObjects: 1.623400 ms  DeleteObjects: 0.195200 ms)

========================================================================
Received Import Request.
  Time since last request: 870.437390 seconds.
  path: Assets/Scenes/QuistJam - Slow Blues Jam  Sexy Guitar Backing Track (A).mp3
  artifactKey: Guid(02b5f249db3d0d548b3ccf714a6bd8ee) Importer(815301076,1909f56bfc062723c751e8b465ee728b)
Start importing Assets/Scenes/QuistJam - Slow Blues Jam  Sexy Guitar Backing Track (A).mp3 using Guid(02b5f249db3d0d548b3ccf714a6bd8ee) Importer(815301076,1909f56bfc062723c751e8b465ee728b)  -> (artifact id: 'a072e2cca13295a3bb7f8fffc3c650e7') in 0.113161 seconds
  Import took 0.116968 seconds .

========================================================================
Received Prepare
Registering precompiled user dll's ...
Registered in 0.000789 seconds.
Begin MonoManager ReloadAssembly
Native extension for WindowsStandalone target not found
Native extension for WebGL target not found
Refreshing native plugins compatible for Editor in 0.45 ms, found 1 plugins.
Preloading 0 native plugins for Editor in 0.00 ms.
Mono: successfully reloaded assembly
- Completed reload, in  0.771 seconds
Platform modules already initialized, skipping
Refreshing native plugins compatible for Editor in 0.47 ms, found 1 plugins.
Preloading 0 native plugins for Editor in 0.00 ms.
Unloading 1820 Unused Serialized files (Serialized files now loaded: 0)
System memory in use before: 89.9 MB.
System memory in use after: 89.9 MB.

Unloading 12 unused Assets to reduce memory usage. Loaded Objects now: 2408.
Total: 2.302500 ms (FindLiveObjects: 0.158000 ms CreateObjectMapping: 0.050200 ms MarkObjects: 1.949500 ms  DeleteObjects: 0.143800 ms)

========================================================================
Received Prepare
Registering precompiled user dll's ...
Registered in 0.000808 seconds.
Begin MonoManager ReloadAssembly
Native extension for WindowsStandalone target not found
Native extension for WebGL target not found
Refreshing native plugins compatible for Editor in 0.46 ms, found 1 plugins.
Preloading 0 native plugins for Editor in 0.00 ms.
Mono: successfully reloaded assembly
- Completed reload, in  0.763 seconds
Platform modules already initialized, skipping
Refreshing native plugins compatible for Editor in 0.46 ms, found 1 plugins.
Preloading 0 native plugins for Editor in 0.00 ms.
Unloading 1820 Unused Serialized files (Serialized files now loaded: 0)
System memory in use before: 89.9 MB.
System memory in use after: 89.9 MB.

Unloading 12 unused Assets to reduce memory usage. Loaded Objects now: 2412.
Total: 1.862700 ms (FindLiveObjects: 0.154900 ms CreateObjectMapping: 0.051600 ms MarkObjects: 1.544800 ms  DeleteObjects: 0.110500 ms)

========================================================================
Received Prepare
Refreshing native plugins compatible for Editor in 1.33 ms, found 1 plugins.
Preloading 0 native plugins for Editor in 0.00 ms.
Unloading 10 Unused Serialized files (Serialized files now loaded: 0)
System memory in use before: 54.1 MB.
System memory in use after: 54.1 MB.

Unloading 10 unused Assets to reduce memory usage. Loaded Objects now: 2412.
Total: 2.014600 ms (FindLiveObjects: 0.160800 ms CreateObjectMapping: 0.051700 ms MarkObjects: 1.682400 ms  DeleteObjects: 0.118900 ms)

========================================================================
Received Import Request.
  Time since last request: 576.843787 seconds.
  path: Assets/шрифты/19783 SDF.asset
  artifactKey: Guid(17538756c1318f24eb9c6f1743918126) Importer(815301076,1909f56bfc062723c751e8b465ee728b)
Start importing Assets/шрифты/19783 SDF.asset using Guid(17538756c1318f24eb9c6f1743918126) Importer(815301076,1909f56bfc062723c751e8b465ee728b)  -> (artifact id: 'a103b7bceac1b18a687465639c0673ab') in 0.161768 seconds
  Import took 0.165981 seconds .

========================================================================
Received Import Request.
  Time since last request: 0.004280 seconds.
  path: Assets/шрифты/19783 SDF.asset
  artifactKey: Guid(17538756c1318f24eb9c6f1743918126) Importer(815301076,1909f56bfc062723c751e8b465ee728b)
Start importing Assets/шрифты/19783 SDF.asset using Guid(17538756c1318f24eb9c6f1743918126) Importer(815301076,1909f56bfc062723c751e8b465ee728b)  -> (artifact id: 'a103b7bceac1b18a687465639c0673ab') in 0.040315 seconds
  Import took 0.045806 seconds .

========================================================================
Received Prepare
Registering precompiled user dll's ...
Registered in 0.000859 seconds.
Begin MonoManager ReloadAssembly
Native extension for WindowsStandalone target not found
Native extension for WebGL target not found
Refreshing native plugins compatible for Editor in 0.98 ms, found 1 plugins.
Preloading 0 native plugins for Editor in 0.00 ms.
Mono: successfully reloaded assembly
- Completed reload, in  0.753 seconds
Platform modules already initialized, skipping
Refreshing native plugins compatible for Editor in 0.49 ms, found 1 plugins.
Preloading 0 native plugins for Editor in 0.00 ms.
Unloading 1820 Unused Serialized files (Serialized files now loaded: 0)
System memory in use before: 90.2 MB.
System memory in use after: 90.1 MB.

Unloading 12 unused Assets to reduce memory usage. Loaded Objects now: 2452.
Total: 1.970600 ms (FindLiveObjects: 0.167100 ms CreateObjectMapping: 0.053800 ms MarkObjects: 1.581700 ms  DeleteObjects: 0.167100 ms)

========================================================================
Received Import Request.
  Time since last request: 156.711041 seconds.
  path: Assets/PauseMenuScript.cs
  artifactKey: Guid(849325348c5221c458b8694702ebce58) Importer(815301076,1909f56bfc062723c751e8b465ee728b)
Start importing Assets/PauseMenuScript.cs using Guid(849325348c5221c458b8694702ebce58) Importer(815301076,1909f56bfc062723c751e8b465ee728b)  -> (artifact id: 'dc827ecfa7accac618ba7279f7380aa5') in 0.014042 seconds
  Import took 0.018554 seconds .

========================================================================
Received Prepare
Registering precompiled user dll's ...
Registered in 0.000877 seconds.
Begin MonoManager ReloadAssembly
Native extension for WindowsStandalone target not found
Native extension for WebGL target not found
Refreshing native plugins compatible for Editor in 0.57 ms, found 1 plugins.
Preloading 0 native plugins for Editor in 0.00 ms.
Mono: successfully reloaded assembly
- Completed reload, in  0.814 seconds
Platform modules already initialized, skipping
Refreshing native plugins compatible for Editor in 0.47 ms, found 1 plugins.
Preloading 0 native plugins for Editor in 0.00 ms.
Unloading 1820 Unused Serialized files (Serialized files now loaded: 0)
System memory in use before: 90.2 MB.
System memory in use after: 90.1 MB.

Unloading 12 unused Assets to reduce memory usage. Loaded Objects now: 2456.
Total: 2.000500 ms (FindLiveObjects: 0.156600 ms CreateObjectMapping: 0.050400 ms MarkObjects: 1.669700 ms  DeleteObjects: 0.122600 ms)

========================================================================
Received Prepare
Registering precompiled user dll's ...
Registered in 0.001038 seconds.
Begin MonoManager ReloadAssembly
Native extension for WindowsStandalone target not found
Native extension for WebGL target not found
Refreshing native plugins compatible for Editor in 0.50 ms, found 1 plugins.
Preloading 0 native plugins for Editor in 0.00 ms.
Mono: successfully reloaded assembly
- Completed reload, in  0.858 seconds
Platform modules already initialized, skipping
Refreshing native plugins compatible for Editor in 0.46 ms, found 1 plugins.
Preloading 0 native plugins for Editor in 0.00 ms.
Unloading 1820 Unused Serialized files (Serialized files now loaded: 0)
System memory in use before: 90.2 MB.
System memory in use after: 90.2 MB.

Unloading 12 unused Assets to reduce memory usage. Loaded Objects now: 2460.
Total: 1.831900 ms (FindLiveObjects: 0.174100 ms CreateObjectMapping: 0.056300 ms MarkObjects: 1.490900 ms  DeleteObjects: 0.109500 ms)

========================================================================
Received Import Request.
  Time since last request: 121.788321 seconds.
  path: Assets/PauseMenuScript.cs
  artifactKey: Guid(849325348c5221c458b8694702ebce58) Importer(815301076,1909f56bfc062723c751e8b465ee728b)
Start importing Assets/PauseMenuScript.cs using Guid(849325348c5221c458b8694702ebce58) Importer(815301076,1909f56bfc062723c751e8b465ee728b)  -> (artifact id: 'c36dae4371f2d8d7b4c32130ef667734') in 0.007026 seconds
  Import took 0.009848 seconds .

========================================================================
Received Import Request.
  Time since last request: 73.496028 seconds.
  path: Assets/PauseMenuScript.cs
  artifactKey: Guid(849325348c5221c458b8694702ebce58) Importer(815301076,1909f56bfc062723c751e8b465ee728b)
Start importing Assets/PauseMenuScript.cs using Guid(849325348c5221c458b8694702ebce58) Importer(815301076,1909f56bfc062723c751e8b465ee728b)  -> (artifact id: 'ab785c76f7c758b8c88e221f5e940e75') in 0.003512 seconds
  Import took 0.008490 seconds .

========================================================================
Received Prepare
Registering precompiled user dll's ...
Registered in 0.000867 seconds.
Begin MonoManager ReloadAssembly
Native extension for WindowsStandalone target not found
Native extension for WebGL target not found
Refreshing native plugins compatible for Editor in 0.50 ms, found 1 plugins.
Preloading 0 native plugins for Editor in 0.00 ms.
Mono: successfully reloaded assembly
- Completed reload, in  0.845 seconds
Platform modules already initialized, skipping
Refreshing native plugins compatible for Editor in 0.50 ms, found 1 plugins.
Preloading 0 native plugins for Editor in 0.00 ms.
Unloading 1820 Unused Serialized files (Serialized files now loaded: 0)
System memory in use before: 90.2 MB.
System memory in use after: 90.2 MB.

Unloading 12 unused Assets to reduce memory usage. Loaded Objects now: 2464.
Total: 2.700000 ms (FindLiveObjects: 0.251400 ms CreateObjectMapping: 0.069600 ms MarkObjects: 2.251700 ms  DeleteObjects: 0.125300 ms)

========================================================================
Received Import Request.
  Time since last request: 202.075576 seconds.
  path: Assets/PauseMenuScript.cs
  artifactKey: Guid(849325348c5221c458b8694702ebce58) Importer(815301076,1909f56bfc062723c751e8b465ee728b)
Start importing Assets/PauseMenuScript.cs using Guid(849325348c5221c458b8694702ebce58) Importer(815301076,1909f56bfc062723c751e8b465ee728b)  -> (artifact id: 'dab38c2dfe28afcaa14f1a59db1b1260') in 0.004635 seconds
  Import took 0.007577 seconds .

========================================================================
Received Prepare
Registering precompiled user dll's ...
Registered in 0.000845 seconds.
Begin MonoManager ReloadAssembly
Native extension for WindowsStandalone target not found
Native extension for WebGL target not found
Refreshing native plugins compatible for Editor in 1.71 ms, found 1 plugins.
Preloading 0 native plugins for Editor in 0.00 ms.
Mono: successfully reloaded assembly
- Completed reload, in  0.875 seconds
Platform modules already initialized, skipping
Refreshing native plugins compatible for Editor in 0.47 ms, found 1 plugins.
Preloading 0 native plugins for Editor in 0.00 ms.
Unloading 1820 Unused Serialized files (Serialized files now loaded: 0)
System memory in use before: 90.2 MB.
System memory in use after: 90.2 MB.

Unloading 12 unused Assets to reduce memory usage. Loaded Objects now: 2468.
Total: 1.914100 ms (FindLiveObjects: 0.168100 ms CreateObjectMapping: 0.054300 ms MarkObjects: 1.579000 ms  DeleteObjects: 0.111400 ms)

========================================================================
Received Prepare
Registering precompiled user dll's ...
Registered in 0.000786 seconds.
Begin MonoManager ReloadAssembly
Native extension for WindowsStandalone target not found
Native extension for WebGL target not found
Refreshing native plugins compatible for Editor in 0.44 ms, found 1 plugins.
Preloading 0 native plugins for Editor in 0.00 ms.
Mono: successfully reloaded assembly
- Completed reload, in  0.750 seconds
Platform modules already initialized, skipping
Refreshing native plugins compatible for Editor in 0.49 ms, found 1 plugins.
Preloading 0 native plugins for Editor in 0.00 ms.
Unloading 1820 Unused Serialized files (Serialized files now loaded: 0)
System memory in use before: 90.2 MB.
System memory in use after: 90.2 MB.

Unloading 12 unused Assets to reduce memory usage. Loaded Objects now: 2472.
Total: 2.134600 ms (FindLiveObjects: 0.152900 ms CreateObjectMapping: 0.050000 ms MarkObjects: 1.724600 ms  DeleteObjects: 0.206200 ms)

========================================================================
Received Prepare
Registering precompiled user dll's ...
Registered in 0.000843 seconds.
Begin MonoManager ReloadAssembly
Native extension for WindowsStandalone target not found
Native extension for WebGL target not found
Refreshing native plugins compatible for Editor in 0.52 ms, found 1 plugins.
Preloading 0 native plugins for Editor in 0.00 ms.
Mono: successfully reloaded assembly
- Completed reload, in  0.786 seconds
Platform modules already initialized, skipping
Refreshing native plugins compatible for Editor in 0.75 ms, found 1 plugins.
Preloading 0 native plugins for Editor in 0.00 ms.
Unloading 1820 Unused Serialized files (Serialized files now loaded: 0)
System memory in use before: 90.2 MB.
System memory in use after: 90.2 MB.

Unloading 12 unused Assets to reduce memory usage. Loaded Objects now: 2476.
Total: 2.169200 ms (FindLiveObjects: 0.175400 ms CreateObjectMapping: 0.058300 ms MarkObjects: 1.811300 ms  DeleteObjects: 0.123200 ms)

========================================================================
Received Import Request.
  Time since last request: 191.507094 seconds.
  path: Assets/scripts/Bullet.cs
  artifactKey: Guid(d140938aa996a5042b3ca7374631ea0c) Importer(815301076,1909f56bfc062723c751e8b465ee728b)
Start importing Assets/scripts/Bullet.cs using Guid(d140938aa996a5042b3ca7374631ea0c) Importer(815301076,1909f56bfc062723c751e8b465ee728b)  -> (artifact id: '84ad95e46fdea22cfce3566a7a0732ef') in 0.013156 seconds
  Import took 0.017198 seconds .

========================================================================
Received Import Request.
  Time since last request: 0.038302 seconds.
  path: Assets/scripts/Bullet.cs
  artifactKey: Guid(d140938aa996a5042b3ca7374631ea0c) Importer(815301076,1909f56bfc062723c751e8b465ee728b)
Start importing Assets/scripts/Bullet.cs using Guid(d140938aa996a5042b3ca7374631ea0c) Importer(815301076,1909f56bfc062723c751e8b465ee728b)  -> (artifact id: '84ad95e46fdea22cfce3566a7a0732ef') in 0.002005 seconds
  Import took 0.005152 seconds .

========================================================================
Received Prepare
Registering precompiled user dll's ...
Registered in 0.000786 seconds.
Begin MonoManager ReloadAssembly
Native extension for WindowsStandalone target not found
Native extension for WebGL target not found
Refreshing native plugins compatible for Editor in 0.44 ms, found 1 plugins.
Preloading 0 native plugins for Editor in 0.00 ms.
Mono: successfully reloaded assembly
- Completed reload, in  0.761 seconds
Platform modules already initialized, skipping
Refreshing native plugins compatible for Editor in 0.51 ms, found 1 plugins.
Preloading 0 native plugins for Editor in 0.00 ms.
Unloading 1820 Unused Serialized files (Serialized files now loaded: 0)
System memory in use before: 90.2 MB.
System memory in use after: 90.2 MB.

Unloading 12 unused Assets to reduce memory usage. Loaded Objects now: 2480.
Total: 1.959100 ms (FindLiveObjects: 0.166200 ms CreateObjectMapping: 0.052700 ms MarkObjects: 1.616100 ms  DeleteObjects: 0.122900 ms)

========================================================================
Received Import Request.
  Time since last request: 52.562272 seconds.
  path: Assets/scripts/Bullet.cs
  artifactKey: Guid(d140938aa996a5042b3ca7374631ea0c) Importer(815301076,1909f56bfc062723c751e8b465ee728b)
Start importing Assets/scripts/Bullet.cs using Guid(d140938aa996a5042b3ca7374631ea0c) Importer(815301076,1909f56bfc062723c751e8b465ee728b)  -> (artifact id: '0c757f57dd011017d4f7498d97ea20fd') in 0.004472 seconds
  Import took 0.007884 seconds .

========================================================================
Received Prepare
Registering precompiled user dll's ...
Registered in 0.000811 seconds.
Begin MonoManager ReloadAssembly
Native extension for WindowsStandalone target not found
Native extension for WebGL target not found
Refreshing native plugins compatible for Editor in 0.43 ms, found 1 plugins.
Preloading 0 native plugins for Editor in 0.00 ms.
Mono: successfully reloaded assembly
- Completed reload, in  0.811 seconds
Platform modules already initialized, skipping
Refreshing native plugins compatible for Editor in 0.48 ms, found 1 plugins.
Preloading 0 native plugins for Editor in 0.00 ms.
Unloading 1820 Unused Serialized files (Serialized files now loaded: 0)
System memory in use before: 90.2 MB.
System memory in use after: 90.2 MB.

Unloading 12 unused Assets to reduce memory usage. Loaded Objects now: 2484.
Total: 1.951400 ms (FindLiveObjects: 0.164200 ms CreateObjectMapping: 0.053500 ms MarkObjects: 1.616100 ms  DeleteObjects: 0.116400 ms)

========================================================================
Received Import Request.
  Time since last request: 14.522507 seconds.
  path: Assets/scripts/Bullet.cs
  artifactKey: Guid(d140938aa996a5042b3ca7374631ea0c) Importer(815301076,1909f56bfc062723c751e8b465ee728b)
Start importing Assets/scripts/Bullet.cs using Guid(d140938aa996a5042b3ca7374631ea0c) Importer(815301076,1909f56bfc062723c751e8b465ee728b)  -> (artifact id: 'b3ee8550005b68fcb1deb05ec2c479a8') in 0.004184 seconds
  Import took 0.007047 seconds .

========================================================================
Received Prepare
Registering precompiled user dll's ...
Registered in 0.001689 seconds.
Begin MonoManager ReloadAssembly
Native extension for WindowsStandalone target not found
Native extension for WebGL target not found
Refreshing native plugins compatible for Editor in 0.45 ms, found 1 plugins.
Preloading 0 native plugins for Editor in 0.00 ms.
Mono: successfully reloaded assembly
- Completed reload, in  0.856 seconds
Platform modules already initialized, skipping
Refreshing native plugins compatible for Editor in 0.47 ms, found 1 plugins.
Preloading 0 native plugins for Editor in 0.00 ms.
Unloading 1820 Unused Serialized files (Serialized files now loaded: 0)
System memory in use before: 90.2 MB.
System memory in use after: 90.2 MB.

Unloading 12 unused Assets to reduce memory usage. Loaded Objects now: 2488.
Total: 1.894900 ms (FindLiveObjects: 0.161600 ms CreateObjectMapping: 0.052900 ms MarkObjects: 1.575000 ms  DeleteObjects: 0.104100 ms)

========================================================================
Received Prepare
Registering precompiled user dll's ...
Registered in 0.000792 seconds.
Begin MonoManager ReloadAssembly
Native extension for WindowsStandalone target not found
Native extension for WebGL target not found
Refreshing native plugins compatible for Editor in 0.44 ms, found 1 plugins.
Preloading 0 native plugins for Editor in 0.00 ms.
Mono: successfully reloaded assembly
- Completed reload, in  0.790 seconds
Platform modules already initialized, skipping
Refreshing native plugins compatible for Editor in 0.50 ms, found 1 plugins.
Preloading 0 native plugins for Editor in 0.00 ms.
Unloading 1820 Unused Serialized files (Serialized files now loaded: 0)
System memory in use before: 90.2 MB.
System memory in use after: 90.2 MB.

Unloading 12 unused Assets to reduce memory usage. Loaded Objects now: 2492.
Total: 3.078900 ms (FindLiveObjects: 0.170100 ms CreateObjectMapping: 0.053800 ms MarkObjects: 2.673500 ms  DeleteObjects: 0.180400 ms)

========================================================================
Received Prepare
Registering precompiled user dll's ...
Registered in 0.000947 seconds.
Begin MonoManager ReloadAssembly
Native extension for WindowsStandalone target not found
Native extension for WebGL target not found
Refreshing native plugins compatible for Editor in 0.49 ms, found 1 plugins.
Preloading 0 native plugins for Editor in 0.00 ms.
Mono: successfully reloaded assembly
- Completed reload, in  2.259 seconds
Platform modules already initialized, skipping
Refreshing native plugins compatible for Editor in 0.56 ms, found 1 plugins.
Preloading 0 native plugins for Editor in 0.00 ms.
Unloading 1820 Unused Serialized files (Serialized files now loaded: 0)
System memory in use before: 90.3 MB.
System memory in use after: 90.2 MB.

Unloading 12 unused Assets to reduce memory usage. Loaded Objects now: 2496.
Total: 2.748000 ms (FindLiveObjects: 0.285500 ms CreateObjectMapping: 0.111200 ms MarkObjects: 2.196200 ms  DeleteObjects: 0.153800 ms)

========================================================================
Received Prepare
Refreshing native plugins compatible for Editor in 1.69 ms, found 1 plugins.
Preloading 0 native plugins for Editor in 0.00 ms.
Unloading 10 Unused Serialized files (Serialized files now loaded: 0)
System memory in use before: 54.5 MB.
System memory in use after: 54.5 MB.

Unloading 10 unused Assets to reduce memory usage. Loaded Objects now: 2496.
Total: 2.349400 ms (FindLiveObjects: 0.385100 ms CreateObjectMapping: 0.116900 ms MarkObjects: 1.714700 ms  DeleteObjects: 0.129800 ms)

========================================================================
Received Prepare
Refreshing native plugins compatible for Editor in 1.36 ms, found 1 plugins.
Preloading 0 native plugins for Editor in 0.00 ms.
Unloading 10 Unused Serialized files (Serialized files now loaded: 0)
System memory in use before: 54.5 MB.
System memory in use after: 54.5 MB.

Unloading 10 unused Assets to reduce memory usage. Loaded Objects now: 2496.
Total: 2.554500 ms (FindLiveObjects: 0.183500 ms CreateObjectMapping: 0.070600 ms MarkObjects: 2.140100 ms  DeleteObjects: 0.159400 ms)

========================================================================
Received Prepare
Refreshing native plugins compatible for Editor in 1.39 ms, found 1 plugins.
Preloading 0 native plugins for Editor in 0.00 ms.
Unloading 10 Unused Serialized files (Serialized files now loaded: 0)
System memory in use before: 54.5 MB.
System memory in use after: 54.5 MB.

Unloading 10 unused Assets to reduce memory usage. Loaded Objects now: 2496.
Total: 2.038100 ms (FindLiveObjects: 0.158400 ms CreateObjectMapping: 0.051300 ms MarkObjects: 1.713400 ms  DeleteObjects: 0.114000 ms)

========================================================================
Received Prepare
Registering precompiled user dll's ...
Registered in 0.001340 seconds.
Begin MonoManager ReloadAssembly
Native extension for WindowsStandalone target not found
Native extension for WebGL target not found
Refreshing native plugins compatible for Editor in 0.50 ms, found 1 plugins.
Preloading 0 native plugins for Editor in 0.00 ms.
Mono: successfully reloaded assembly
- Completed reload, in  2.077 seconds
Platform modules already initialized, skipping
Refreshing native plugins compatible for Editor in 0.49 ms, found 1 plugins.
Preloading 0 native plugins for Editor in 0.00 ms.
Unloading 1820 Unused Serialized files (Serialized files now loaded: 0)
System memory in use before: 90.3 MB.
System memory in use after: 90.3 MB.

Unloading 12 unused Assets to reduce memory usage. Loaded Objects now: 2500.
Total: 1.953200 ms (FindLiveObjects: 0.174900 ms CreateObjectMapping: 0.061900 ms MarkObjects: 1.590900 ms  DeleteObjects: 0.124400 ms)

========================================================================
Received Prepare
Refreshing native plugins compatible for Editor in 1.27 ms, found 1 plugins.
Preloading 0 native plugins for Editor in 0.00 ms.
Unloading 10 Unused Serialized files (Serialized files now loaded: 0)
System memory in use before: 54.5 MB.
System memory in use after: 54.5 MB.

Unloading 10 unused Assets to reduce memory usage. Loaded Objects now: 2500.
Total: 1.906900 ms (FindLiveObjects: 0.179900 ms CreateObjectMapping: 0.060500 ms MarkObjects: 1.547700 ms  DeleteObjects: 0.117900 ms)

========================================================================
Received Prepare
Refreshing native plugins compatible for Editor in 1.28 ms, found 1 plugins.
Preloading 0 native plugins for Editor in 0.00 ms.
Unloading 10 Unused Serialized files (Serialized files now loaded: 0)
System memory in use before: 54.5 MB.
System memory in use after: 54.5 MB.

Unloading 10 unused Assets to reduce memory usage. Loaded Objects now: 2500.
Total: 1.905700 ms (FindLiveObjects: 0.176800 ms CreateObjectMapping: 0.051300 ms MarkObjects: 1.552700 ms  DeleteObjects: 0.123800 ms)

========================================================================
Received Prepare
Registering precompiled user dll's ...
Registered in 0.001218 seconds.
Begin MonoManager ReloadAssembly
Native extension for WindowsStandalone target not found
Native extension for WebGL target not found
Refreshing native plugins compatible for Editor in 0.55 ms, found 1 plugins.
Preloading 0 native plugins for Editor in 0.00 ms.
Mono: successfully reloaded assembly
- Completed reload, in  0.766 seconds
Platform modules already initialized, skipping
Refreshing native plugins compatible for Editor in 0.46 ms, found 1 plugins.
Preloading 0 native plugins for Editor in 0.00 ms.
Unloading 1820 Unused Serialized files (Serialized files now loaded: 0)
System memory in use before: 90.3 MB.
System memory in use after: 90.3 MB.

Unloading 12 unused Assets to reduce memory usage. Loaded Objects now: 2504.
Total: 1.874900 ms (FindLiveObjects: 0.160300 ms CreateObjectMapping: 0.051900 ms MarkObjects: 1.543200 ms  DeleteObjects: 0.118000 ms)

========================================================================
Received Prepare
Refreshing native plugins compatible for Editor in 1.40 ms, found 1 plugins.
Preloading 0 native plugins for Editor in 0.00 ms.
Unloading 10 Unused Serialized files (Serialized files now loaded: 0)
System memory in use before: 54.5 MB.
System memory in use after: 54.5 MB.

Unloading 10 unused Assets to reduce memory usage. Loaded Objects now: 2504.
Total: 1.952600 ms (FindLiveObjects: 0.168500 ms CreateObjectMapping: 0.051700 ms MarkObjects: 1.610100 ms  DeleteObjects: 0.121000 ms)

========================================================================
Received Import Request.
  Time since last request: 1183.121859 seconds.
  path: Assets/prefabs/player.prefab
  artifactKey: Guid(09e44c8654cf5b545a206f965f756c6e) Importer(815301076,1909f56bfc062723c751e8b465ee728b)
Start importing Assets/prefabs/player.prefab using Guid(09e44c8654cf5b545a206f965f756c6e) Importer(815301076,1909f56bfc062723c751e8b465ee728b)  -> (artifact id: '5fb90476aac3e3d64b86c8302c9493be') in 0.129466 seconds
  Import took 0.134439 seconds .

========================================================================
Received Import Request.
  Time since last request: 0.000227 seconds.
  path: Assets/prefabs/player_bad.prefab
  artifactKey: Guid(58a19fddfe2726b4ea8446ff7687274b) Importer(815301076,1909f56bfc062723c751e8b465ee728b)
Start importing Assets/prefabs/player_bad.prefab using Guid(58a19fddfe2726b4ea8446ff7687274b) Importer(815301076,1909f56bfc062723c751e8b465ee728b)  -> (artifact id: 'eba4202121dcddc90ca55bfd2f9f085a') in 0.027988 seconds
  Import took 0.046587 seconds .

========================================================================
Received Import Request.
  Time since last request: 0.000262 seconds.
  path: Assets/prefabs/player_FOOKINGBAD.prefab
  artifactKey: Guid(aeebff222f31ce245be2b792116dbadb) Importer(815301076,1909f56bfc062723c751e8b465ee728b)
Start importing Assets/prefabs/player_FOOKINGBAD.prefab using Guid(aeebff222f31ce245be2b792116dbadb) Importer(815301076,1909f56bfc062723c751e8b465ee728b)  -> (artifact id: '2e51bbb3f2eba7d1e341cecb08afd85e') in 0.031231 seconds
  Import took 0.038011 seconds .

========================================================================
Received Import Request.
  Time since last request: 16.938237 seconds.
  path: Assets/prefabs/player.prefab
  artifactKey: Guid(09e44c8654cf5b545a206f965f756c6e) Importer(815301076,1909f56bfc062723c751e8b465ee728b)
Start importing Assets/prefabs/player.prefab using Guid(09e44c8654cf5b545a206f965f756c6e) Importer(815301076,1909f56bfc062723c751e8b465ee728b)  -> (artifact id: '781c044ae2ff205fe0fb4022c1f0127a') in 0.022292 seconds
  Import took 0.027200 seconds .

========================================================================
Received Import Request.
  Time since last request: 1.452122 seconds.
  path: Assets/prefabs/player.prefab
  artifactKey: Guid(09e44c8654cf5b545a206f965f756c6e) Importer(815301076,1909f56bfc062723c751e8b465ee728b)
Start importing Assets/prefabs/player.prefab using Guid(09e44c8654cf5b545a206f965f756c6e) Importer(815301076,1909f56bfc062723c751e8b465ee728b)  -> (artifact id: '34425e61b12371978d9f0c139af200b3') in 0.018623 seconds
  Import took 0.030660 seconds .

========================================================================
Received Prepare
Registering precompiled user dll's ...
Registered in 0.000794 seconds.
Begin MonoManager ReloadAssembly
Native extension for WindowsStandalone target not found
Native extension for WebGL target not found
Refreshing native plugins compatible for Editor in 0.46 ms, found 1 plugins.
Preloading 0 native plugins for Editor in 0.00 ms.
Mono: successfully reloaded assembly
- Completed reload, in  0.772 seconds
Platform modules already initialized, skipping
Refreshing native plugins compatible for Editor in 0.48 ms, found 1 plugins.
Preloading 0 native plugins for Editor in 0.00 ms.
Unloading 1820 Unused Serialized files (Serialized files now loaded: 0)
System memory in use before: 90.4 MB.
System memory in use after: 90.4 MB.

Unloading 12 unused Assets to reduce memory usage. Loaded Objects now: 2510.
Total: 2.117600 ms (FindLiveObjects: 0.172000 ms CreateObjectMapping: 0.051100 ms MarkObjects: 1.758000 ms  DeleteObjects: 0.135500 ms)

========================================================================
Received Prepare
Registering precompiled user dll's ...
Registered in 0.001119 seconds.
Begin MonoManager ReloadAssembly
Native extension for WindowsStandalone target not found
Native extension for WebGL target not found
Refreshing native plugins compatible for Editor in 0.60 ms, found 1 plugins.
Preloading 0 native plugins for Editor in 0.00 ms.
Mono: successfully reloaded assembly
- Completed reload, in  0.748 seconds
Platform modules already initialized, skipping
Refreshing native plugins compatible for Editor in 0.46 ms, found 1 plugins.
Preloading 0 native plugins for Editor in 0.00 ms.
Unloading 1820 Unused Serialized files (Serialized files now loaded: 0)
System memory in use before: 90.4 MB.
System memory in use after: 90.4 MB.

Unloading 12 unused Assets to reduce memory usage. Loaded Objects now: 2514.
Total: 1.950500 ms (FindLiveObjects: 0.165700 ms CreateObjectMapping: 0.056400 ms MarkObjects: 1.604400 ms  DeleteObjects: 0.122900 ms)

========================================================================
Received Prepare
Refreshing native plugins compatible for Editor in 1.39 ms, found 1 plugins.
Preloading 0 native plugins for Editor in 0.00 ms.
Unloading 10 Unused Serialized files (Serialized files now loaded: 0)
System memory in use before: 54.6 MB.
System memory in use after: 54.6 MB.

Unloading 10 unused Assets to reduce memory usage. Loaded Objects now: 2514.
Total: 1.888400 ms (FindLiveObjects: 0.168400 ms CreateObjectMapping: 0.055500 ms MarkObjects: 1.542300 ms  DeleteObjects: 0.121300 ms)

========================================================================
Received Prepare
Refreshing native plugins compatible for Editor in 1.65 ms, found 1 plugins.
Preloading 0 native plugins for Editor in 0.00 ms.
Unloading 10 Unused Serialized files (Serialized files now loaded: 0)
System memory in use before: 54.6 MB.
System memory in use after: 54.6 MB.

Unloading 10 unused Assets to reduce memory usage. Loaded Objects now: 2514.
Total: 2.135800 ms (FindLiveObjects: 0.206400 ms CreateObjectMapping: 0.058600 ms MarkObjects: 1.741100 ms  DeleteObjects: 0.128300 ms)

========================================================================
Received Prepare
Refreshing native plugins compatible for Editor in 1.26 ms, found 1 plugins.
Preloading 0 native plugins for Editor in 0.00 ms.
Unloading 10 Unused Serialized files (Serialized files now loaded: 0)
System memory in use before: 54.6 MB.
System memory in use after: 54.6 MB.

Unloading 10 unused Assets to reduce memory usage. Loaded Objects now: 2514.
Total: 1.966200 ms (FindLiveObjects: 0.194900 ms CreateObjectMapping: 0.051500 ms MarkObjects: 1.601600 ms  DeleteObjects: 0.117100 ms)

========================================================================
Received Prepare
Refreshing native plugins compatible for Editor in 1.24 ms, found 1 plugins.
Preloading 0 native plugins for Editor in 0.00 ms.
Unloading 10 Unused Serialized files (Serialized files now loaded: 0)
System memory in use before: 54.6 MB.
System memory in use after: 54.6 MB.

Unloading 10 unused Assets to reduce memory usage. Loaded Objects now: 2514.
Total: 2.194400 ms (FindLiveObjects: 0.178600 ms CreateObjectMapping: 0.052400 ms MarkObjects: 1.848500 ms  DeleteObjects: 0.114100 ms)

========================================================================
Received Prepare
Refreshing native plugins compatible for Editor in 1.22 ms, found 1 plugins.
Preloading 0 native plugins for Editor in 0.00 ms.
Unloading 10 Unused Serialized files (Serialized files now loaded: 0)
System memory in use before: 54.6 MB.
System memory in use after: 54.6 MB.

Unloading 10 unused Assets to reduce memory usage. Loaded Objects now: 2514.
Total: 2.044700 ms (FindLiveObjects: 0.191800 ms CreateObjectMapping: 0.055500 ms MarkObjects: 1.685000 ms  DeleteObjects: 0.111600 ms)

========================================================================
Received Prepare
Refreshing native plugins compatible for Editor in 1.24 ms, found 1 plugins.
Preloading 0 native plugins for Editor in 0.00 ms.
Unloading 10 Unused Serialized files (Serialized files now loaded: 0)
System memory in use before: 54.6 MB.
System memory in use after: 54.6 MB.

Unloading 10 unused Assets to reduce memory usage. Loaded Objects now: 2514.
Total: 2.081300 ms (FindLiveObjects: 0.163500 ms CreateObjectMapping: 0.050300 ms MarkObjects: 1.756400 ms  DeleteObjects: 0.110300 ms)

========================================================================
Received Prepare
Refreshing native plugins compatible for Editor in 1.41 ms, found 1 plugins.
Preloading 0 native plugins for Editor in 0.00 ms.
Unloading 10 Unused Serialized files (Serialized files now loaded: 0)
System memory in use before: 54.6 MB.
System memory in use after: 54.6 MB.

Unloading 10 unused Assets to reduce memory usage. Loaded Objects now: 2514.
Total: 3.099400 ms (FindLiveObjects: 0.245400 ms CreateObjectMapping: 0.074400 ms MarkObjects: 2.654700 ms  DeleteObjects: 0.123700 ms)

========================================================================
Received Prepare
Refreshing native plugins compatible for Editor in 1.25 ms, found 1 plugins.
Preloading 0 native plugins for Editor in 0.00 ms.
Unloading 10 Unused Serialized files (Serialized files now loaded: 0)
System memory in use before: 54.6 MB.
System memory in use after: 54.6 MB.

Unloading 10 unused Assets to reduce memory usage. Loaded Objects now: 2514.
Total: 2.124200 ms (FindLiveObjects: 0.159400 ms CreateObjectMapping: 0.051500 ms MarkObjects: 1.767600 ms  DeleteObjects: 0.144200 ms)

========================================================================
Received Prepare
Refreshing native plugins compatible for Editor in 1.78 ms, found 1 plugins.
Preloading 0 native plugins for Editor in 0.00 ms.
Unloading 10 Unused Serialized files (Serialized files now loaded: 0)
System memory in use before: 54.6 MB.
System memory in use after: 54.6 MB.

Unloading 10 unused Assets to reduce memory usage. Loaded Objects now: 2514.
Total: 2.353600 ms (FindLiveObjects: 0.169800 ms CreateObjectMapping: 0.053500 ms MarkObjects: 2.005200 ms  DeleteObjects: 0.123500 ms)

========================================================================
Received Prepare
Refreshing native plugins compatible for Editor in 1.22 ms, found 1 plugins.
Preloading 0 native plugins for Editor in 0.00 ms.
Unloading 10 Unused Serialized files (Serialized files now loaded: 0)
System memory in use before: 54.6 MB.
System memory in use after: 54.6 MB.

Unloading 10 unused Assets to reduce memory usage. Loaded Objects now: 2514.
Total: 1.887600 ms (FindLiveObjects: 0.166200 ms CreateObjectMapping: 0.049900 ms MarkObjects: 1.559900 ms  DeleteObjects: 0.110500 ms)

========================================================================
Received Prepare
Refreshing native plugins compatible for Editor in 1.46 ms, found 1 plugins.
Preloading 0 native plugins for Editor in 0.00 ms.
Unloading 10 Unused Serialized files (Serialized files now loaded: 0)
System memory in use before: 54.6 MB.
System memory in use after: 54.6 MB.

Unloading 10 unused Assets to reduce memory usage. Loaded Objects now: 2514.
Total: 2.830800 ms (FindLiveObjects: 0.360700 ms CreateObjectMapping: 0.087100 ms MarkObjects: 2.242100 ms  DeleteObjects: 0.139300 ms)

========================================================================
Received Prepare
Refreshing native plugins compatible for Editor in 1.76 ms, found 1 plugins.
Preloading 0 native plugins for Editor in 0.00 ms.
Unloading 10 Unused Serialized files (Serialized files now loaded: 0)
System memory in use before: 54.6 MB.
System memory in use after: 54.6 MB.

Unloading 10 unused Assets to reduce memory usage. Loaded Objects now: 2514.
Total: 2.188100 ms (FindLiveObjects: 0.178200 ms CreateObjectMapping: 0.091000 ms MarkObjects: 1.795600 ms  DeleteObjects: 0.121600 ms)

========================================================================
Received Prepare
Registering precompiled user dll's ...
Registered in 0.001154 seconds.
Begin MonoManager ReloadAssembly
Native extension for WindowsStandalone target not found
Native extension for WebGL target not found
Refreshing native plugins compatible for Editor in 0.52 ms, found 1 plugins.
Preloading 0 native plugins for Editor in 0.00 ms.
Mono: successfully reloaded assembly
- Completed reload, in  2.180 seconds
Platform modules already initialized, skipping
Refreshing native plugins compatible for Editor in 0.62 ms, found 1 plugins.
Preloading 0 native plugins for Editor in 0.00 ms.
Unloading 1820 Unused Serialized files (Serialized files now loaded: 0)
System memory in use before: 90.4 MB.
System memory in use after: 90.4 MB.

Unloading 12 unused Assets to reduce memory usage. Loaded Objects now: 2518.
Total: 3.114300 ms (FindLiveObjects: 0.457900 ms CreateObjectMapping: 0.156800 ms MarkObjects: 2.340000 ms  DeleteObjects: 0.158200 ms)

========================================================================
Received Prepare
Refreshing native plugins compatible for Editor in 1.27 ms, found 1 plugins.
Preloading 0 native plugins for Editor in 0.00 ms.
Unloading 10 Unused Serialized files (Serialized files now loaded: 0)
System memory in use before: 54.6 MB.
System memory in use after: 54.6 MB.

Unloading 10 unused Assets to reduce memory usage. Loaded Objects now: 2518.
Total: 1.917900 ms (FindLiveObjects: 0.161800 ms CreateObjectMapping: 0.053000 ms MarkObjects: 1.587600 ms  DeleteObjects: 0.114200 ms)

========================================================================
Received Prepare
Refreshing native plugins compatible for Editor in 1.23 ms, found 1 plugins.
Preloading 0 native plugins for Editor in 0.00 ms.
Unloading 10 Unused Serialized files (Serialized files now loaded: 0)
System memory in use before: 54.6 MB.
System memory in use after: 54.6 MB.

Unloading 10 unused Assets to reduce memory usage. Loaded Objects now: 2518.
Total: 2.108100 ms (FindLiveObjects: 0.171800 ms CreateObjectMapping: 0.058400 ms MarkObjects: 1.762300 ms  DeleteObjects: 0.114200 ms)

========================================================================
Received Prepare
Refreshing native plugins compatible for Editor in 1.20 ms, found 1 plugins.
Preloading 0 native plugins for Editor in 0.00 ms.
Unloading 10 Unused Serialized files (Serialized files now loaded: 0)
System memory in use before: 54.6 MB.
System memory in use after: 54.6 MB.

Unloading 10 unused Assets to reduce memory usage. Loaded Objects now: 2518.
Total: 2.005800 ms (FindLiveObjects: 0.164200 ms CreateObjectMapping: 0.054300 ms MarkObjects: 1.673400 ms  DeleteObjects: 0.112900 ms)

========================================================================
Received Prepare
Refreshing native plugins compatible for Editor in 1.39 ms, found 1 plugins.
Preloading 0 native plugins for Editor in 0.00 ms.
Unloading 10 Unused Serialized files (Serialized files now loaded: 0)
System memory in use before: 54.6 MB.
System memory in use after: 54.6 MB.

Unloading 10 unused Assets to reduce memory usage. Loaded Objects now: 2518.
Total: 2.077500 ms (FindLiveObjects: 0.240100 ms CreateObjectMapping: 0.063800 ms MarkObjects: 1.648100 ms  DeleteObjects: 0.124300 ms)

========================================================================
Received Prepare
Refreshing native plugins compatible for Editor in 1.74 ms, found 1 plugins.
Preloading 0 native plugins for Editor in 0.00 ms.
Unloading 10 Unused Serialized files (Serialized files now loaded: 0)
System memory in use before: 54.6 MB.
System memory in use after: 54.6 MB.

Unloading 10 unused Assets to reduce memory usage. Loaded Objects now: 2518.
Total: 1.858100 ms (FindLiveObjects: 0.163800 ms CreateObjectMapping: 0.051500 ms MarkObjects: 1.528700 ms  DeleteObjects: 0.113400 ms)

========================================================================
Received Prepare
Refreshing native plugins compatible for Editor in 1.21 ms, found 1 plugins.
Preloading 0 native plugins for Editor in 0.00 ms.
Unloading 10 Unused Serialized files (Serialized files now loaded: 0)
System memory in use before: 54.6 MB.
System memory in use after: 54.6 MB.

Unloading 10 unused Assets to reduce memory usage. Loaded Objects now: 2518.
Total: 2.198600 ms (FindLiveObjects: 0.192400 ms CreateObjectMapping: 0.055300 ms MarkObjects: 1.834600 ms  DeleteObjects: 0.115200 ms)

========================================================================
Received Prepare
Refreshing native plugins compatible for Editor in 1.25 ms, found 1 plugins.
Preloading 0 native plugins for Editor in 0.00 ms.
Unloading 10 Unused Serialized files (Serialized files now loaded: 0)
System memory in use before: 54.6 MB.
System memory in use after: 54.6 MB.

Unloading 10 unused Assets to reduce memory usage. Loaded Objects now: 2518.
Total: 1.855200 ms (FindLiveObjects: 0.185300 ms CreateObjectMapping: 0.061400 ms MarkObjects: 1.495500 ms  DeleteObjects: 0.112200 ms)

========================================================================
Received Prepare
Refreshing native plugins compatible for Editor in 1.23 ms, found 1 plugins.
Preloading 0 native plugins for Editor in 0.00 ms.
Unloading 10 Unused Serialized files (Serialized files now loaded: 0)
System memory in use before: 54.6 MB.
System memory in use after: 54.6 MB.

Unloading 10 unused Assets to reduce memory usage. Loaded Objects now: 2518.
Total: 1.928500 ms (FindLiveObjects: 0.167300 ms CreateObjectMapping: 0.052000 ms MarkObjects: 1.597100 ms  DeleteObjects: 0.111500 ms)

========================================================================
Received Prepare
Refreshing native plugins compatible for Editor in 1.37 ms, found 1 plugins.
Preloading 0 native plugins for Editor in 0.00 ms.
Unloading 10 Unused Serialized files (Serialized files now loaded: 0)
System memory in use before: 54.6 MB.
System memory in use after: 54.6 MB.

Unloading 10 unused Assets to reduce memory usage. Loaded Objects now: 2518.
Total: 2.809900 ms (FindLiveObjects: 0.232900 ms CreateObjectMapping: 0.058900 ms MarkObjects: 2.389500 ms  DeleteObjects: 0.126700 ms)

========================================================================
Received Prepare
Refreshing native plugins compatible for Editor in 1.99 ms, found 1 plugins.
Preloading 0 native plugins for Editor in 0.00 ms.
Unloading 10 Unused Serialized files (Serialized files now loaded: 0)
System memory in use before: 54.6 MB.
System memory in use after: 54.6 MB.

Unloading 10 unused Assets to reduce memory usage. Loaded Objects now: 2518.
Total: 2.135200 ms (FindLiveObjects: 0.205500 ms CreateObjectMapping: 0.056800 ms MarkObjects: 1.749100 ms  DeleteObjects: 0.122600 ms)

========================================================================
Received Prepare
Refreshing native plugins compatible for Editor in 1.50 ms, found 1 plugins.
Preloading 0 native plugins for Editor in 0.00 ms.
Unloading 10 Unused Serialized files (Serialized files now loaded: 0)
System memory in use before: 54.6 MB.
System memory in use after: 54.6 MB.

Unloading 10 unused Assets to reduce memory usage. Loaded Objects now: 2518.
Total: 2.468000 ms (FindLiveObjects: 0.265000 ms CreateObjectMapping: 0.063200 ms MarkObjects: 1.897400 ms  DeleteObjects: 0.241100 ms)

========================================================================
Received Prepare
Refreshing native plugins compatible for Editor in 1.22 ms, found 1 plugins.
Preloading 0 native plugins for Editor in 0.00 ms.
Unloading 10 Unused Serialized files (Serialized files now loaded: 0)
System memory in use before: 54.6 MB.
System memory in use after: 54.6 MB.

Unloading 10 unused Assets to reduce memory usage. Loaded Objects now: 2518.
Total: 2.723900 ms (FindLiveObjects: 0.185700 ms CreateObjectMapping: 0.054900 ms MarkObjects: 2.364200 ms  DeleteObjects: 0.118100 ms)

========================================================================
Received Prepare
Refreshing native plugins compatible for Editor in 2.81 ms, found 1 plugins.
Preloading 0 native plugins for Editor in 0.00 ms.
Unloading 10 Unused Serialized files (Serialized files now loaded: 0)
System memory in use before: 54.6 MB.
System memory in use after: 54.6 MB.

Unloading 10 unused Assets to reduce memory usage. Loaded Objects now: 2518.
Total: 5.102400 ms (FindLiveObjects: 0.655000 ms CreateObjectMapping: 0.127800 ms MarkObjects: 4.076100 ms  DeleteObjects: 0.239900 ms)

AssetImportWorkerClient::OnTransportError - code=2 error=End of file
