Using pre-set license
Built from '2020.3/staging' branch; Version is '2020.3.6f1 (338bb68529b2) revision 3378102'; Using compiler version '192528614'; Build Type 'Release'
OS: 'Windows 10 Pro; OS build 19042.985; Version 2009; 64bit' Language: 'ru' Physical Memory: 8081 MB
BatchMode: 1, IsHumanControllingUs: 0, StartBugReporterOnCrash: 0, Is64bit: 1, IsPro: 0

 COMMAND LINE ARGUMENTS:
D:\2020.3.6f1\Editor\Unity.exe
-adb2
-batchMode
-noUpm
-name
AssetImportWorker1
-projectPath
D:/UnityGame/UnityGame/Zombies
-logFile
Logs/AssetImportWorker1.log
-srvPort
60188
Successfully changed project path to: D:/UnityGame/UnityGame/Zombies
D:/UnityGame/UnityGame/Zombies
Using Asset Import Pipeline V2.
Refreshing native plugins compatible for Editor in 45.78 ms, found 1 plugins.
Preloading 0 native plugins for Editor in 0.00 ms.
Initialize engine version: 2020.3.6f1 (338bb68529b2)
[Subsystems] Discovering subsystems at path D:/2020.3.6f1/Editor/Data/Resources/UnitySubsystems
[Subsystems] Discovering subsystems at path D:/UnityGame/UnityGame/Zombies/Assets
GfxDevice: creating device client; threaded=0
Direct3D:
    Version:  Direct3D 11.0 [level 11.1]
    Renderer: NVIDIA GeForce GTX 1050 Ti (ID=0x1c8c)
    Vendor:   
    VRAM:     4018 MB
    Driver:   27.21.14.5763
Initialize mono
Mono path[0] = 'D:/2020.3.6f1/Editor/Data/Managed'
Mono path[1] = 'D:/2020.3.6f1/Editor/Data/MonoBleedingEdge/lib/mono/unityjit'
Mono config path = 'D:/2020.3.6f1/Editor/Data/MonoBleedingEdge/etc'
Using monoOptions --debugger-agent=transport=dt_socket,embedding=1,server=y,suspend=n,address=127.0.0.1:56832
Begin MonoManager ReloadAssembly
Registering precompiled unity dll's ...
Register platform support module: D:/2020.3.6f1/Editor/Data/PlaybackEngines/WebGLSupport/UnityEditor.WebGL.Extensions.dll
Register platform support module: D:/2020.3.6f1/Editor/Data/PlaybackEngines/WindowsStandaloneSupport/UnityEditor.WindowsStandalone.Extensions.dll
Registered in 0.002758 seconds.
Native extension for WindowsStandalone target not found
Native extension for WebGL target not found
Refreshing native plugins compatible for Editor in 102.65 ms, found 1 plugins.
Preloading 0 native plugins for Editor in 0.00 ms.
Mono: successfully reloaded assembly
- Completed reload, in  2.242 seconds
Platform modules already initialized, skipping
Registering precompiled user dll's ...
Registered in 0.002137 seconds.
Begin MonoManager ReloadAssembly
Native extension for WindowsStandalone target not found
Native extension for WebGL target not found
Refreshing native plugins compatible for Editor in 69.75 ms, found 1 plugins.
Preloading 0 native plugins for Editor in 0.00 ms.
Mono: successfully reloaded assembly
- Completed reload, in  1.712 seconds
Platform modules already initialized, skipping
========================================================================
Worker process is ready to serve import requests
Launched and connected shader compiler UnityShaderCompiler.exe after 0.28 seconds
Refreshing native plugins compatible for Editor in 0.34 ms, found 1 plugins.
Preloading 0 native plugins for Editor in 0.00 ms.
Unloading 1812 Unused Serialized files (Serialized files now loaded: 0)
System memory in use before: 85.0 MB.
System memory in use after: 85.0 MB.

Unloading 24 unused Assets to reduce memory usage. Loaded Objects now: 2255.
Total: 2.490700 ms (FindLiveObjects: 0.433900 ms CreateObjectMapping: 0.091500 ms MarkObjects: 1.827800 ms  DeleteObjects: 0.135800 ms)

========================================================================
Received Import Request.
  path: Assets/prefabs/zombie 1.prefab
  artifactKey: Guid(4df0416acc26fd6409b9409f20649184) Importer(815301076,1909f56bfc062723c751e8b465ee728b)
Start importing Assets/prefabs/zombie 1.prefab using Guid(4df0416acc26fd6409b9409f20649184) Importer(815301076,1909f56bfc062723c751e8b465ee728b)  -> (artifact id: 'ad0194049f57b045c0b5db8bfc8e533a') in 0.310381 seconds
  Import took 0.330850 seconds .

========================================================================
Received Prepare
Refreshing native plugins compatible for Editor in 3.06 ms, found 1 plugins.
Preloading 0 native plugins for Editor in 0.00 ms.
Unloading 10 Unused Serialized files (Serialized files now loaded: 0)
System memory in use before: 52.8 MB.
System memory in use after: 52.8 MB.

Unloading 10 unused Assets to reduce memory usage. Loaded Objects now: 2262.
Total: 4.646600 ms (FindLiveObjects: 0.360200 ms CreateObjectMapping: 0.169700 ms MarkObjects: 3.898200 ms  DeleteObjects: 0.215900 ms)

========================================================================
Received Prepare
Registering precompiled user dll's ...
Registered in 0.001726 seconds.
Begin MonoManager ReloadAssembly
Native extension for WindowsStandalone target not found
Native extension for WebGL target not found
Refreshing native plugins compatible for Editor in 0.38 ms, found 1 plugins.
Preloading 0 native plugins for Editor in 0.00 ms.
Mono: successfully reloaded assembly
- Completed reload, in  0.961 seconds
Platform modules already initialized, skipping
Refreshing native plugins compatible for Editor in 0.46 ms, found 1 plugins.
Preloading 0 native plugins for Editor in 0.00 ms.
Unloading 1807 Unused Serialized files (Serialized files now loaded: 0)
System memory in use before: 88.1 MB.
System memory in use after: 88.1 MB.

Unloading 12 unused Assets to reduce memory usage. Loaded Objects now: 2266.
Total: 2.582900 ms (FindLiveObjects: 0.313400 ms CreateObjectMapping: 0.064700 ms MarkObjects: 2.051800 ms  DeleteObjects: 0.151800 ms)

========================================================================
Received Prepare
Registering precompiled user dll's ...
Registered in 0.001204 seconds.
Begin MonoManager ReloadAssembly
Native extension for WindowsStandalone target not found
Native extension for WebGL target not found
Refreshing native plugins compatible for Editor in 0.45 ms, found 1 plugins.
Preloading 0 native plugins for Editor in 0.00 ms.
Mono: successfully reloaded assembly
- Completed reload, in  0.944 seconds
Platform modules already initialized, skipping
Refreshing native plugins compatible for Editor in 0.35 ms, found 1 plugins.
Preloading 0 native plugins for Editor in 0.00 ms.
Unloading 1807 Unused Serialized files (Serialized files now loaded: 0)
System memory in use before: 88.1 MB.
System memory in use after: 88.1 MB.

Unloading 12 unused Assets to reduce memory usage. Loaded Objects now: 2270.
Total: 2.444400 ms (FindLiveObjects: 0.303200 ms CreateObjectMapping: 0.105600 ms MarkObjects: 1.863000 ms  DeleteObjects: 0.171300 ms)

========================================================================
Received Prepare
Registering precompiled user dll's ...
Registered in 0.001916 seconds.
Begin MonoManager ReloadAssembly
Native extension for WindowsStandalone target not found
Native extension for WebGL target not found
Refreshing native plugins compatible for Editor in 0.54 ms, found 1 plugins.
Preloading 0 native plugins for Editor in 0.00 ms.
Mono: successfully reloaded assembly
- Completed reload, in  0.917 seconds
Platform modules already initialized, skipping
Refreshing native plugins compatible for Editor in 0.35 ms, found 1 plugins.
Preloading 0 native plugins for Editor in 0.00 ms.
Unloading 1807 Unused Serialized files (Serialized files now loaded: 0)
System memory in use before: 88.1 MB.
System memory in use after: 88.1 MB.

Unloading 12 unused Assets to reduce memory usage. Loaded Objects now: 2274.
Total: 2.496800 ms (FindLiveObjects: 0.297200 ms CreateObjectMapping: 0.114000 ms MarkObjects: 1.899800 ms  DeleteObjects: 0.184600 ms)

========================================================================
Received Prepare
Registering precompiled user dll's ...
Registered in 0.001619 seconds.
Begin MonoManager ReloadAssembly
Native extension for WindowsStandalone target not found
Native extension for WebGL target not found
Refreshing native plugins compatible for Editor in 0.65 ms, found 1 plugins.
Preloading 0 native plugins for Editor in 0.00 ms.
Mono: successfully reloaded assembly
- Completed reload, in  0.939 seconds
Platform modules already initialized, skipping
Refreshing native plugins compatible for Editor in 0.57 ms, found 1 plugins.
Preloading 0 native plugins for Editor in 0.00 ms.
Unloading 1807 Unused Serialized files (Serialized files now loaded: 0)
System memory in use before: 88.2 MB.
System memory in use after: 88.1 MB.

Unloading 12 unused Assets to reduce memory usage. Loaded Objects now: 2278.
Total: 2.494200 ms (FindLiveObjects: 0.321400 ms CreateObjectMapping: 0.076000 ms MarkObjects: 1.889100 ms  DeleteObjects: 0.206100 ms)

========================================================================
Received Prepare
Registering precompiled user dll's ...
Registered in 0.010705 seconds.
Begin MonoManager ReloadAssembly
Native extension for WindowsStandalone target not found
Native extension for WebGL target not found
Refreshing native plugins compatible for Editor in 0.68 ms, found 1 plugins.
Preloading 0 native plugins for Editor in 0.00 ms.
Mono: successfully reloaded assembly
- Completed reload, in  1.288 seconds
Platform modules already initialized, skipping
Refreshing native plugins compatible for Editor in 0.73 ms, found 1 plugins.
Preloading 0 native plugins for Editor in 0.00 ms.
Unloading 1807 Unused Serialized files (Serialized files now loaded: 0)
System memory in use before: 88.2 MB.
System memory in use after: 88.1 MB.

Unloading 12 unused Assets to reduce memory usage. Loaded Objects now: 2282.
Total: 4.660200 ms (FindLiveObjects: 0.465600 ms CreateObjectMapping: 0.174100 ms MarkObjects: 3.799300 ms  DeleteObjects: 0.218900 ms)

========================================================================
Received Prepare
Registering precompiled user dll's ...
Registered in 0.001217 seconds.
Begin MonoManager ReloadAssembly
Native extension for WindowsStandalone target not found
Native extension for WebGL target not found
Refreshing native plugins compatible for Editor in 0.68 ms, found 1 plugins.
Preloading 0 native plugins for Editor in 0.00 ms.
Mono: successfully reloaded assembly
- Completed reload, in  2.069 seconds
Platform modules already initialized, skipping
Refreshing native plugins compatible for Editor in 0.68 ms, found 1 plugins.
Preloading 0 native plugins for Editor in 0.00 ms.
Unloading 1807 Unused Serialized files (Serialized files now loaded: 0)
System memory in use before: 88.2 MB.
System memory in use after: 88.2 MB.

Unloading 12 unused Assets to reduce memory usage. Loaded Objects now: 2286.
Total: 4.663200 ms (FindLiveObjects: 0.522700 ms CreateObjectMapping: 0.263500 ms MarkObjects: 3.650500 ms  DeleteObjects: 0.223600 ms)

========================================================================
Received Import Request.
  Time since last request: 263.830803 seconds.
  path: Assets/scripts/playerController.cs
  artifactKey: Guid(b4b639e55c5e0a742bd784103b2ba101) Importer(815301076,1909f56bfc062723c751e8b465ee728b)
Start importing Assets/scripts/playerController.cs using Guid(b4b639e55c5e0a742bd784103b2ba101) Importer(815301076,1909f56bfc062723c751e8b465ee728b)  -> (artifact id: 'b0e8712753c2ae365f2d37b1c3722041') in 0.040118 seconds
  Import took 0.047561 seconds .

========================================================================
Received Prepare
Registering precompiled user dll's ...
Registered in 0.001046 seconds.
Begin MonoManager ReloadAssembly
Native extension for WindowsStandalone target not found
Native extension for WebGL target not found
Refreshing native plugins compatible for Editor in 0.72 ms, found 1 plugins.
Preloading 0 native plugins for Editor in 0.00 ms.
Mono: successfully reloaded assembly
- Completed reload, in  2.231 seconds
Platform modules already initialized, skipping
Refreshing native plugins compatible for Editor in 0.35 ms, found 1 plugins.
Preloading 0 native plugins for Editor in 0.00 ms.
Unloading 1807 Unused Serialized files (Serialized files now loaded: 0)
System memory in use before: 88.2 MB.
System memory in use after: 88.2 MB.

Unloading 12 unused Assets to reduce memory usage. Loaded Objects now: 2290.
Total: 3.134000 ms (FindLiveObjects: 0.215300 ms CreateObjectMapping: 0.071200 ms MarkObjects: 2.677200 ms  DeleteObjects: 0.169200 ms)

========================================================================
Received Import Request.
  Time since last request: 1608.690972 seconds.
  path: Assets/gfx/WallpaperDog-17085995.jpg
  artifactKey: Guid(c1bb917c2dfb97a41852464e84f2e226) Importer(815301076,1909f56bfc062723c751e8b465ee728b)
Start importing Assets/gfx/WallpaperDog-17085995.jpg using Guid(c1bb917c2dfb97a41852464e84f2e226) Importer(815301076,1909f56bfc062723c751e8b465ee728b)  -> (artifact id: '3936f017e908967a58bf011a64e8c599') in 0.332075 seconds
  Import took 0.337588 seconds .

========================================================================
Received Import Request.
  Time since last request: 196.302555 seconds.
  path: Assets/gfx/серый.jpg
  artifactKey: Guid(9c2ead91529647d4abc125e33ec98d0b) Importer(815301076,1909f56bfc062723c751e8b465ee728b)
Start importing Assets/gfx/серый.jpg using Guid(9c2ead91529647d4abc125e33ec98d0b) Importer(815301076,1909f56bfc062723c751e8b465ee728b)  -> (artifact id: 'd2c6f0c7224d468adf7d5ba041cd0523') in 0.229164 seconds
  Import took 0.235750 seconds .

========================================================================
Received Import Request.
  Time since last request: 0.014323 seconds.
  path: Assets/gfx/серый.jpg
  artifactKey: Guid(9c2ead91529647d4abc125e33ec98d0b) Importer(815301076,1909f56bfc062723c751e8b465ee728b)
Start importing Assets/gfx/серый.jpg using Guid(9c2ead91529647d4abc125e33ec98d0b) Importer(815301076,1909f56bfc062723c751e8b465ee728b)  -> (artifact id: 'd2c6f0c7224d468adf7d5ba041cd0523') in 0.026171 seconds
  Import took 0.031244 seconds .

========================================================================
Received Import Request.
  Time since last request: 213.557765 seconds.
  path: Assets/gfx/белый.jpg
  artifactKey: Guid(ac78f43cda5d6fb4f8bb9ff9be61a6e0) Importer(815301076,1909f56bfc062723c751e8b465ee728b)
Start importing Assets/gfx/белый.jpg using Guid(ac78f43cda5d6fb4f8bb9ff9be61a6e0) Importer(815301076,1909f56bfc062723c751e8b465ee728b)  -> (artifact id: 'f9f641d646702757599dd11c416814b0') in 0.142152 seconds
  Import took 0.147605 seconds .

========================================================================
Received Prepare
Registering precompiled user dll's ...
Registered in 0.001010 seconds.
Begin MonoManager ReloadAssembly
Native extension for WindowsStandalone target not found
Native extension for WebGL target not found
Refreshing native plugins compatible for Editor in 0.38 ms, found 1 plugins.
Preloading 0 native plugins for Editor in 0.00 ms.
Mono: successfully reloaded assembly
- Completed reload, in  1.383 seconds
Platform modules already initialized, skipping
Refreshing native plugins compatible for Editor in 0.77 ms, found 1 plugins.
Preloading 0 native plugins for Editor in 0.00 ms.
Unloading 1808 Unused Serialized files (Serialized files now loaded: 0)
System memory in use before: 88.2 MB.
System memory in use after: 88.2 MB.

Unloading 12 unused Assets to reduce memory usage. Loaded Objects now: 2303.
Total: 5.037300 ms (FindLiveObjects: 0.906700 ms CreateObjectMapping: 0.337500 ms MarkObjects: 3.550900 ms  DeleteObjects: 0.240100 ms)

========================================================================
Received Import Request.
  Time since last request: 266.775163 seconds.
  path: Assets/scripts/HealthBar.cs
  artifactKey: Guid(e00a34b91280b434794828f02a01c8f5) Importer(815301076,1909f56bfc062723c751e8b465ee728b)
Start importing Assets/scripts/HealthBar.cs using Guid(e00a34b91280b434794828f02a01c8f5) Importer(815301076,1909f56bfc062723c751e8b465ee728b)  -> (artifact id: 'ab8d4fce97dfff2236401e2d3176fdab') in 0.072849 seconds
  Import took 0.079332 seconds .

========================================================================
Received Import Request.
  Time since last request: 175.280107 seconds.
  path: Assets/scripts/HealthBar.cs
  artifactKey: Guid(e00a34b91280b434794828f02a01c8f5) Importer(815301076,1909f56bfc062723c751e8b465ee728b)
Start importing Assets/scripts/HealthBar.cs using Guid(e00a34b91280b434794828f02a01c8f5) Importer(815301076,1909f56bfc062723c751e8b465ee728b)  -> (artifact id: 'edf1d2835cd80035713c4c23922280ca') in 0.003490 seconds
  Import took 0.008693 seconds .

========================================================================
Received Import Request.
  Time since last request: 0.002944 seconds.
  path: Assets/scripts/HealthBar.cs
  artifactKey: Guid(e00a34b91280b434794828f02a01c8f5) Importer(815301076,1909f56bfc062723c751e8b465ee728b)
Start importing Assets/scripts/HealthBar.cs using Guid(e00a34b91280b434794828f02a01c8f5) Importer(815301076,1909f56bfc062723c751e8b465ee728b)  -> (artifact id: 'edf1d2835cd80035713c4c23922280ca') in 0.003111 seconds
  Import took 0.008160 seconds .

========================================================================
Received Prepare
Registering precompiled user dll's ...
Registered in 0.000842 seconds.
Begin MonoManager ReloadAssembly
Native extension for WindowsStandalone target not found
Native extension for WebGL target not found
Refreshing native plugins compatible for Editor in 0.43 ms, found 1 plugins.
Preloading 0 native plugins for Editor in 0.00 ms.
Mono: successfully reloaded assembly
- Completed reload, in  1.612 seconds
Platform modules already initialized, skipping
Refreshing native plugins compatible for Editor in 0.83 ms, found 1 plugins.
Preloading 0 native plugins for Editor in 0.00 ms.
Unloading 1808 Unused Serialized files (Serialized files now loaded: 0)
System memory in use before: 88.2 MB.
System memory in use after: 88.2 MB.

Unloading 12 unused Assets to reduce memory usage. Loaded Objects now: 2307.
Total: 2.747400 ms (FindLiveObjects: 0.238800 ms CreateObjectMapping: 0.106500 ms MarkObjects: 2.219700 ms  DeleteObjects: 0.178700 ms)

========================================================================
Received Prepare
Registering precompiled user dll's ...
Registered in 0.000728 seconds.
Begin MonoManager ReloadAssembly
Native extension for WindowsStandalone target not found
Native extension for WebGL target not found
Refreshing native plugins compatible for Editor in 0.44 ms, found 1 plugins.
Preloading 0 native plugins for Editor in 0.00 ms.
Mono: successfully reloaded assembly
- Completed reload, in  0.999 seconds
Platform modules already initialized, skipping
Refreshing native plugins compatible for Editor in 0.38 ms, found 1 plugins.
Preloading 0 native plugins for Editor in 0.00 ms.
Unloading 1808 Unused Serialized files (Serialized files now loaded: 0)
System memory in use before: 88.3 MB.
System memory in use after: 88.2 MB.

Unloading 12 unused Assets to reduce memory usage. Loaded Objects now: 2311.
Total: 2.616400 ms (FindLiveObjects: 0.217300 ms CreateObjectMapping: 0.098300 ms MarkObjects: 2.164600 ms  DeleteObjects: 0.135200 ms)

========================================================================
Received Prepare
Registering precompiled user dll's ...
Registered in 0.000856 seconds.
Begin MonoManager ReloadAssembly
Native extension for WindowsStandalone target not found
Native extension for WebGL target not found
Refreshing native plugins compatible for Editor in 0.38 ms, found 1 plugins.
Preloading 0 native plugins for Editor in 0.00 ms.
Mono: successfully reloaded assembly
- Completed reload, in  1.557 seconds
Platform modules already initialized, skipping
Refreshing native plugins compatible for Editor in 0.70 ms, found 1 plugins.
Preloading 0 native plugins for Editor in 0.00 ms.
Unloading 1808 Unused Serialized files (Serialized files now loaded: 0)
System memory in use before: 88.3 MB.
System memory in use after: 88.2 MB.

Unloading 12 unused Assets to reduce memory usage. Loaded Objects now: 2315.
Total: 3.426400 ms (FindLiveObjects: 0.614500 ms CreateObjectMapping: 0.226400 ms MarkObjects: 2.429900 ms  DeleteObjects: 0.153600 ms)

========================================================================
Received Import Request.
  Time since last request: 309.861932 seconds.
  path: Assets/scripts/zombiebehavior.cs
  artifactKey: Guid(fad7e8e78aceee04490761042f7abe5f) Importer(815301076,1909f56bfc062723c751e8b465ee728b)
Start importing Assets/scripts/zombiebehavior.cs using Guid(fad7e8e78aceee04490761042f7abe5f) Importer(815301076,1909f56bfc062723c751e8b465ee728b)  -> (artifact id: '850efcac5f716f0ad9ef1f73b4f49f3d') in 0.015280 seconds
  Import took 0.019573 seconds .

========================================================================
Received Import Request.
  Time since last request: 153.936672 seconds.
  path: Assets/scripts/zombiebehavior.cs
  artifactKey: Guid(fad7e8e78aceee04490761042f7abe5f) Importer(815301076,1909f56bfc062723c751e8b465ee728b)
Start importing Assets/scripts/zombiebehavior.cs using Guid(fad7e8e78aceee04490761042f7abe5f) Importer(815301076,1909f56bfc062723c751e8b465ee728b)  -> (artifact id: 'fe13d67af79fb4fe6361d5eb1241611f') in 0.010178 seconds
  Import took 0.026182 seconds .

========================================================================
Received Import Request.
  Time since last request: 0.012145 seconds.
  path: Assets/scripts/zombiebehavior.cs
  artifactKey: Guid(fad7e8e78aceee04490761042f7abe5f) Importer(815301076,1909f56bfc062723c751e8b465ee728b)
Start importing Assets/scripts/zombiebehavior.cs using Guid(fad7e8e78aceee04490761042f7abe5f) Importer(815301076,1909f56bfc062723c751e8b465ee728b)  -> (artifact id: 'fe13d67af79fb4fe6361d5eb1241611f') in 0.010141 seconds
  Import took 0.024955 seconds .

========================================================================
Received Prepare
Registering precompiled user dll's ...
Registered in 0.001661 seconds.
Begin MonoManager ReloadAssembly
Native extension for WindowsStandalone target not found
Native extension for WebGL target not found
Refreshing native plugins compatible for Editor in 0.38 ms, found 1 plugins.
Preloading 0 native plugins for Editor in 0.00 ms.
Mono: successfully reloaded assembly
- Completed reload, in  1.598 seconds
Platform modules already initialized, skipping
Refreshing native plugins compatible for Editor in 0.43 ms, found 1 plugins.
Preloading 0 native plugins for Editor in 0.00 ms.
Unloading 1808 Unused Serialized files (Serialized files now loaded: 0)
System memory in use before: 88.3 MB.
System memory in use after: 88.3 MB.

Unloading 12 unused Assets to reduce memory usage. Loaded Objects now: 2319.
Total: 3.941000 ms (FindLiveObjects: 0.340600 ms CreateObjectMapping: 0.081400 ms MarkObjects: 3.245500 ms  DeleteObjects: 0.272200 ms)

========================================================================
Received Prepare
Registering precompiled user dll's ...
Registered in 0.001586 seconds.
Begin MonoManager ReloadAssembly
Native extension for WindowsStandalone target not found
Native extension for WebGL target not found
Refreshing native plugins compatible for Editor in 0.66 ms, found 1 plugins.
Preloading 0 native plugins for Editor in 0.00 ms.
Mono: successfully reloaded assembly
- Completed reload, in  1.883 seconds
Platform modules already initialized, skipping
Refreshing native plugins compatible for Editor in 0.68 ms, found 1 plugins.
Preloading 0 native plugins for Editor in 0.00 ms.
Unloading 1808 Unused Serialized files (Serialized files now loaded: 0)
System memory in use before: 88.3 MB.
System memory in use after: 88.3 MB.

Unloading 12 unused Assets to reduce memory usage. Loaded Objects now: 2323.
Total: 2.523400 ms (FindLiveObjects: 0.222800 ms CreateObjectMapping: 0.106700 ms MarkObjects: 2.039800 ms  DeleteObjects: 0.151100 ms)

========================================================================
Received Prepare
Registering precompiled user dll's ...
Registered in 0.001634 seconds.
Begin MonoManager ReloadAssembly
Native extension for WindowsStandalone target not found
Native extension for WebGL target not found
Refreshing native plugins compatible for Editor in 0.39 ms, found 1 plugins.
Preloading 0 native plugins for Editor in 0.00 ms.
Mono: successfully reloaded assembly
- Completed reload, in  1.084 seconds
Platform modules already initialized, skipping
Refreshing native plugins compatible for Editor in 0.35 ms, found 1 plugins.
Preloading 0 native plugins for Editor in 0.00 ms.
Unloading 1808 Unused Serialized files (Serialized files now loaded: 0)
System memory in use before: 88.3 MB.
System memory in use after: 88.3 MB.

Unloading 12 unused Assets to reduce memory usage. Loaded Objects now: 2327.
Total: 2.956700 ms (FindLiveObjects: 0.257600 ms CreateObjectMapping: 0.128400 ms MarkObjects: 2.401200 ms  DeleteObjects: 0.168400 ms)

========================================================================
Received Prepare
Registering precompiled user dll's ...
Registered in 0.000840 seconds.
Begin MonoManager ReloadAssembly
Native extension for WindowsStandalone target not found
Native extension for WebGL target not found
Refreshing native plugins compatible for Editor in 0.42 ms, found 1 plugins.
Preloading 0 native plugins for Editor in 0.00 ms.
Mono: successfully reloaded assembly
- Completed reload, in  0.981 seconds
Platform modules already initialized, skipping
Refreshing native plugins compatible for Editor in 0.43 ms, found 1 plugins.
Preloading 0 native plugins for Editor in 0.00 ms.
Unloading 1808 Unused Serialized files (Serialized files now loaded: 0)
System memory in use before: 88.3 MB.
System memory in use after: 88.3 MB.

Unloading 12 unused Assets to reduce memory usage. Loaded Objects now: 2331.
Total: 3.122500 ms (FindLiveObjects: 0.338200 ms CreateObjectMapping: 0.108200 ms MarkObjects: 2.518400 ms  DeleteObjects: 0.156600 ms)

========================================================================
Received Prepare
Registering precompiled user dll's ...
Registered in 0.001762 seconds.
Begin MonoManager ReloadAssembly
Native extension for WindowsStandalone target not found
Native extension for WebGL target not found
Refreshing native plugins compatible for Editor in 1.20 ms, found 1 plugins.
Preloading 0 native plugins for Editor in 0.00 ms.
Mono: successfully reloaded assembly
- Completed reload, in  1.966 seconds
Platform modules already initialized, skipping
Refreshing native plugins compatible for Editor in 0.46 ms, found 1 plugins.
Preloading 0 native plugins for Editor in 0.00 ms.
Unloading 1808 Unused Serialized files (Serialized files now loaded: 0)
System memory in use before: 88.3 MB.
System memory in use after: 88.3 MB.

Unloading 12 unused Assets to reduce memory usage. Loaded Objects now: 2335.
Total: 6.215100 ms (FindLiveObjects: 0.330300 ms CreateObjectMapping: 0.150900 ms MarkObjects: 5.246000 ms  DeleteObjects: 0.485600 ms)

========================================================================
Received Prepare
Registering precompiled user dll's ...
Registered in 0.000786 seconds.
Begin MonoManager ReloadAssembly
Native extension for WindowsStandalone target not found
Native extension for WebGL target not found
Refreshing native plugins compatible for Editor in 0.68 ms, found 1 plugins.
Preloading 0 native plugins for Editor in 0.00 ms.
Mono: successfully reloaded assembly
- Completed reload, in  2.241 seconds
Platform modules already initialized, skipping
Refreshing native plugins compatible for Editor in 0.67 ms, found 1 plugins.
Preloading 0 native plugins for Editor in 0.00 ms.
Unloading 1808 Unused Serialized files (Serialized files now loaded: 0)
System memory in use before: 88.3 MB.
System memory in use after: 88.3 MB.

Unloading 12 unused Assets to reduce memory usage. Loaded Objects now: 2339.
Total: 4.002500 ms (FindLiveObjects: 0.432200 ms CreateObjectMapping: 0.111400 ms MarkObjects: 3.288800 ms  DeleteObjects: 0.167900 ms)

========================================================================
Received Import Request.
  Time since last request: 239.425779 seconds.
  path: Assets/prefabs/zombie 1.prefab
  artifactKey: Guid(4df0416acc26fd6409b9409f20649184) Importer(815301076,1909f56bfc062723c751e8b465ee728b)
Start importing Assets/prefabs/zombie 1.prefab using Guid(4df0416acc26fd6409b9409f20649184) Importer(815301076,1909f56bfc062723c751e8b465ee728b)  -> (artifact id: 'a6879c5dc5ac61d66d7354d1bf653d59') in 0.479396 seconds
  Import took 0.485538 seconds .

========================================================================
Received Prepare
Registering precompiled user dll's ...
Registered in 0.001703 seconds.
Begin MonoManager ReloadAssembly
Native extension for WindowsStandalone target not found
Native extension for WebGL target not found
Refreshing native plugins compatible for Editor in 0.39 ms, found 1 plugins.
Preloading 0 native plugins for Editor in 0.00 ms.
Mono: successfully reloaded assembly
- Completed reload, in  1.628 seconds
Platform modules already initialized, skipping
Refreshing native plugins compatible for Editor in 0.72 ms, found 1 plugins.
Preloading 0 native plugins for Editor in 0.00 ms.
Unloading 1808 Unused Serialized files (Serialized files now loaded: 0)
System memory in use before: 88.3 MB.
System memory in use after: 88.3 MB.

Unloading 12 unused Assets to reduce memory usage. Loaded Objects now: 2344.
Total: 4.535300 ms (FindLiveObjects: 0.403500 ms CreateObjectMapping: 0.162900 ms MarkObjects: 3.741600 ms  DeleteObjects: 0.225300 ms)

========================================================================
Received Import Request.
  Time since last request: 41.955861 seconds.
  path: Assets/prefabs/zombie 1 (1).prefab
  artifactKey: Guid(4b788967e4ffc1b4a80a8728bd120bb5) Importer(815301076,1909f56bfc062723c751e8b465ee728b)
Start importing Assets/prefabs/zombie 1 (1).prefab using Guid(4b788967e4ffc1b4a80a8728bd120bb5) Importer(815301076,1909f56bfc062723c751e8b465ee728b)  -> (artifact id: '615bf36b166c3c67ef79c263ee79f1f7') in 0.145746 seconds
  Import took 0.150216 seconds .

========================================================================
Received Prepare
Registering precompiled user dll's ...
Registered in 0.000917 seconds.
Begin MonoManager ReloadAssembly
Native extension for WindowsStandalone target not found
Native extension for WebGL target not found
Refreshing native plugins compatible for Editor in 0.66 ms, found 1 plugins.
Preloading 0 native plugins for Editor in 0.00 ms.
Mono: successfully reloaded assembly
- Completed reload, in  1.818 seconds
Platform modules already initialized, skipping
Refreshing native plugins compatible for Editor in 0.68 ms, found 1 plugins.
Preloading 0 native plugins for Editor in 0.00 ms.
Unloading 1808 Unused Serialized files (Serialized files now loaded: 0)
System memory in use before: 88.4 MB.
System memory in use after: 88.3 MB.

Unloading 12 unused Assets to reduce memory usage. Loaded Objects now: 2349.
Total: 4.318100 ms (FindLiveObjects: 0.464000 ms CreateObjectMapping: 0.220900 ms MarkObjects: 3.467100 ms  DeleteObjects: 0.164500 ms)

AssetImportWorkerClient::OnTransportError - code=2 error=End of file
